ERROR 2024-06-03 08:08:57,128 log 17528 52320 Internal Server Error: /home/datagov/
Traceback (most recent call last):
  File "E:\NAL-USDA\ADC\env\lib\site-packages\django\template\defaulttags.py", line 1026, in find_library
    return parser.libraries[name]
KeyError: 'admin_black'

During handling of the above exception, another exception occurred:

Traceback (most recent call last):
  File "E:\NAL-USDA\ADC\env\lib\site-packages\django\core\handlers\exception.py", line 55, in inner
    response = get_response(request)
  File "E:\NAL-USDA\ADC\env\lib\site-packages\django\core\handlers\base.py", line 197, in _get_response
    response = wrapped_callback(request, *callback_args, **callback_kwargs)
  File "E:\NAL-USDA\ADC\api\views.py", line 9, in index
    return render(request, 'pages/dashboard.html')
  File "E:\NAL-USDA\ADC\env\lib\site-packages\django\shortcuts.py", line 24, in render
    content = loader.render_to_string(template_name, context, request, using=using)
  File "E:\NAL-USDA\ADC\env\lib\site-packages\django\template\loader.py", line 62, in render_to_string
    return template.render(context, request)
  File "E:\NAL-USDA\ADC\env\lib\site-packages\django\template\backends\django.py", line 61, in render
    return self.template.render(context)
  File "E:\NAL-USDA\ADC\env\lib\site-packages\django\template\base.py", line 175, in render
    return self._render(context)
  File "E:\NAL-USDA\ADC\env\lib\site-packages\django\template\base.py", line 167, in _render
    return self.nodelist.render(context)
  File "E:\NAL-USDA\ADC\env\lib\site-packages\django\template\base.py", line 1005, in render
    return SafeString("".join([node.render_annotated(context) for node in self]))
  File "E:\NAL-USDA\ADC\env\lib\site-packages\django\template\base.py", line 1005, in <listcomp>
    return SafeString("".join([node.render_annotated(context) for node in self]))
  File "E:\NAL-USDA\ADC\env\lib\site-packages\django\template\base.py", line 966, in render_annotated
    return self.render(context)
  File "E:\NAL-USDA\ADC\env\lib\site-packages\django\template\loader_tags.py", line 132, in render
    compiled_parent = self.get_parent(context)
  File "E:\NAL-USDA\ADC\env\lib\site-packages\django\template\loader_tags.py", line 129, in get_parent
    return self.find_template(parent, context)
  File "E:\NAL-USDA\ADC\env\lib\site-packages\django\template\loader_tags.py", line 107, in find_template
    template, origin = context.template.engine.find_template(
  File "E:\NAL-USDA\ADC\env\lib\site-packages\django\template\engine.py", line 157, in find_template
    template = loader.get_template(name, skip=skip)
  File "E:\NAL-USDA\ADC\env\lib\site-packages\django\template\loaders\cached.py", line 57, in get_template
    template = super().get_template(template_name, skip)
  File "E:\NAL-USDA\ADC\env\lib\site-packages\django\template\loaders\base.py", line 28, in get_template
    return Template(
  File "E:\NAL-USDA\ADC\env\lib\site-packages\django\template\base.py", line 154, in __init__
    self.nodelist = self.compile_nodelist()
  File "E:\NAL-USDA\ADC\env\lib\site-packages\django\template\base.py", line 200, in compile_nodelist
    return parser.parse()
  File "E:\NAL-USDA\ADC\env\lib\site-packages\django\template\base.py", line 513, in parse
    raise self.error(token, e)
  File "E:\NAL-USDA\ADC\env\lib\site-packages\django\template\base.py", line 511, in parse
    compiled_result = compile_func(self, token)
  File "E:\NAL-USDA\ADC\env\lib\site-packages\django\template\defaulttags.py", line 1088, in load
    lib = find_library(parser, name)
  File "E:\NAL-USDA\ADC\env\lib\site-packages\django\template\defaulttags.py", line 1028, in find_library
    raise TemplateSyntaxError(
django.template.exceptions.TemplateSyntaxError: 'admin_black' is not a registered tag library. Must be one of:
admin_list
admin_modify
admin_urls
cache
i18n
l10n
log
rest_framework
static
tz
ERROR 2024-06-03 08:08:57,128 basehttp 17528 52320 "GET /home/datagov/ HTTP/1.1" 500 183921
ERROR 2024-06-03 08:16:03,682 log 43404 46404 Internal Server Error: /home/datagov/
Traceback (most recent call last):
  File "E:\NAL-USDA\ADC\env\lib\site-packages\django\template\defaulttags.py", line 1026, in find_library
    return parser.libraries[name]
KeyError: 'admin_black'

During handling of the above exception, another exception occurred:

Traceback (most recent call last):
  File "E:\NAL-USDA\ADC\env\lib\site-packages\django\core\handlers\exception.py", line 55, in inner
    response = get_response(request)
  File "E:\NAL-USDA\ADC\env\lib\site-packages\django\core\handlers\base.py", line 197, in _get_response
    response = wrapped_callback(request, *callback_args, **callback_kwargs)
  File "E:\NAL-USDA\ADC\api\views.py", line 9, in index
    return render(request, 'pages/dashboard.html')
  File "E:\NAL-USDA\ADC\env\lib\site-packages\django\shortcuts.py", line 24, in render
    content = loader.render_to_string(template_name, context, request, using=using)
  File "E:\NAL-USDA\ADC\env\lib\site-packages\django\template\loader.py", line 62, in render_to_string
    return template.render(context, request)
  File "E:\NAL-USDA\ADC\env\lib\site-packages\django\template\backends\django.py", line 61, in render
    return self.template.render(context)
  File "E:\NAL-USDA\ADC\env\lib\site-packages\django\template\base.py", line 175, in render
    return self._render(context)
  File "E:\NAL-USDA\ADC\env\lib\site-packages\django\template\base.py", line 167, in _render
    return self.nodelist.render(context)
  File "E:\NAL-USDA\ADC\env\lib\site-packages\django\template\base.py", line 1005, in render
    return SafeString("".join([node.render_annotated(context) for node in self]))
  File "E:\NAL-USDA\ADC\env\lib\site-packages\django\template\base.py", line 1005, in <listcomp>
    return SafeString("".join([node.render_annotated(context) for node in self]))
  File "E:\NAL-USDA\ADC\env\lib\site-packages\django\template\base.py", line 966, in render_annotated
    return self.render(context)
  File "E:\NAL-USDA\ADC\env\lib\site-packages\django\template\loader_tags.py", line 132, in render
    compiled_parent = self.get_parent(context)
  File "E:\NAL-USDA\ADC\env\lib\site-packages\django\template\loader_tags.py", line 129, in get_parent
    return self.find_template(parent, context)
  File "E:\NAL-USDA\ADC\env\lib\site-packages\django\template\loader_tags.py", line 107, in find_template
    template, origin = context.template.engine.find_template(
  File "E:\NAL-USDA\ADC\env\lib\site-packages\django\template\engine.py", line 157, in find_template
    template = loader.get_template(name, skip=skip)
  File "E:\NAL-USDA\ADC\env\lib\site-packages\django\template\loaders\cached.py", line 57, in get_template
    template = super().get_template(template_name, skip)
  File "E:\NAL-USDA\ADC\env\lib\site-packages\django\template\loaders\base.py", line 28, in get_template
    return Template(
  File "E:\NAL-USDA\ADC\env\lib\site-packages\django\template\base.py", line 154, in __init__
    self.nodelist = self.compile_nodelist()
  File "E:\NAL-USDA\ADC\env\lib\site-packages\django\template\base.py", line 200, in compile_nodelist
    return parser.parse()
  File "E:\NAL-USDA\ADC\env\lib\site-packages\django\template\base.py", line 513, in parse
    raise self.error(token, e)
  File "E:\NAL-USDA\ADC\env\lib\site-packages\django\template\base.py", line 511, in parse
    compiled_result = compile_func(self, token)
  File "E:\NAL-USDA\ADC\env\lib\site-packages\django\template\defaulttags.py", line 1088, in load
    lib = find_library(parser, name)
  File "E:\NAL-USDA\ADC\env\lib\site-packages\django\template\defaulttags.py", line 1028, in find_library
    raise TemplateSyntaxError(
django.template.exceptions.TemplateSyntaxError: 'admin_black' is not a registered tag library. Must be one of:
admin_list
admin_modify
admin_urls
cache
i18n
l10n
log
rest_framework
static
tz
ERROR 2024-06-03 08:16:03,697 basehttp 43404 46404 "GET /home/datagov/ HTTP/1.1" 500 185301
ERROR 2024-06-03 08:17:04,902 log 17148 26936 Internal Server Error: /home/datagov/
Traceback (most recent call last):
  File "E:\NAL-USDA\ADC\env\lib\site-packages\django\core\handlers\exception.py", line 55, in inner
    response = get_response(request)
  File "E:\NAL-USDA\ADC\env\lib\site-packages\django\core\handlers\base.py", line 197, in _get_response
    response = wrapped_callback(request, *callback_args, **callback_kwargs)
  File "E:\NAL-USDA\ADC\api\views.py", line 9, in index
    return render(request, 'pages/dashboard.html')
  File "E:\NAL-USDA\ADC\env\lib\site-packages\django\shortcuts.py", line 24, in render
    content = loader.render_to_string(template_name, context, request, using=using)
  File "E:\NAL-USDA\ADC\env\lib\site-packages\django\template\loader.py", line 62, in render_to_string
    return template.render(context, request)
  File "E:\NAL-USDA\ADC\env\lib\site-packages\django\template\backends\django.py", line 61, in render
    return self.template.render(context)
  File "E:\NAL-USDA\ADC\env\lib\site-packages\django\template\base.py", line 175, in render
    return self._render(context)
  File "E:\NAL-USDA\ADC\env\lib\site-packages\django\template\base.py", line 167, in _render
    return self.nodelist.render(context)
  File "E:\NAL-USDA\ADC\env\lib\site-packages\django\template\base.py", line 1005, in render
    return SafeString("".join([node.render_annotated(context) for node in self]))
  File "E:\NAL-USDA\ADC\env\lib\site-packages\django\template\base.py", line 1005, in <listcomp>
    return SafeString("".join([node.render_annotated(context) for node in self]))
  File "E:\NAL-USDA\ADC\env\lib\site-packages\django\template\base.py", line 966, in render_annotated
    return self.render(context)
  File "E:\NAL-USDA\ADC\env\lib\site-packages\django\template\loader_tags.py", line 157, in render
    return compiled_parent._render(context)
  File "E:\NAL-USDA\ADC\env\lib\site-packages\django\template\base.py", line 167, in _render
    return self.nodelist.render(context)
  File "E:\NAL-USDA\ADC\env\lib\site-packages\django\template\base.py", line 1005, in render
    return SafeString("".join([node.render_annotated(context) for node in self]))
  File "E:\NAL-USDA\ADC\env\lib\site-packages\django\template\base.py", line 1005, in <listcomp>
    return SafeString("".join([node.render_annotated(context) for node in self]))
  File "E:\NAL-USDA\ADC\env\lib\site-packages\django\template\base.py", line 966, in render_annotated
    return self.render(context)
  File "E:\NAL-USDA\ADC\env\lib\site-packages\django\template\loader_tags.py", line 63, in render
    result = block.nodelist.render(context)
  File "E:\NAL-USDA\ADC\env\lib\site-packages\django\template\base.py", line 1005, in render
    return SafeString("".join([node.render_annotated(context) for node in self]))
  File "E:\NAL-USDA\ADC\env\lib\site-packages\django\template\base.py", line 1005, in <listcomp>
    return SafeString("".join([node.render_annotated(context) for node in self]))
  File "E:\NAL-USDA\ADC\env\lib\site-packages\django\template\base.py", line 966, in render_annotated
    return self.render(context)
  File "E:\NAL-USDA\ADC\env\lib\site-packages\django\template\loader_tags.py", line 208, in render
    return template.render(context)
  File "E:\NAL-USDA\ADC\env\lib\site-packages\django\template\base.py", line 177, in render
    return self._render(context)
  File "E:\NAL-USDA\ADC\env\lib\site-packages\django\template\base.py", line 167, in _render
    return self.nodelist.render(context)
  File "E:\NAL-USDA\ADC\env\lib\site-packages\django\template\base.py", line 1005, in render
    return SafeString("".join([node.render_annotated(context) for node in self]))
  File "E:\NAL-USDA\ADC\env\lib\site-packages\django\template\base.py", line 1005, in <listcomp>
    return SafeString("".join([node.render_annotated(context) for node in self]))
  File "E:\NAL-USDA\ADC\env\lib\site-packages\django\template\base.py", line 966, in render_annotated
    return self.render(context)
  File "E:\NAL-USDA\ADC\env\lib\site-packages\django\template\loader_tags.py", line 208, in render
    return template.render(context)
  File "E:\NAL-USDA\ADC\env\lib\site-packages\django\template\base.py", line 177, in render
    return self._render(context)
  File "E:\NAL-USDA\ADC\env\lib\site-packages\django\template\base.py", line 167, in _render
    return self.nodelist.render(context)
  File "E:\NAL-USDA\ADC\env\lib\site-packages\django\template\base.py", line 1005, in render
    return SafeString("".join([node.render_annotated(context) for node in self]))
  File "E:\NAL-USDA\ADC\env\lib\site-packages\django\template\base.py", line 1005, in <listcomp>
    return SafeString("".join([node.render_annotated(context) for node in self]))
  File "E:\NAL-USDA\ADC\env\lib\site-packages\django\template\base.py", line 966, in render_annotated
    return self.render(context)
  File "E:\NAL-USDA\ADC\env\lib\site-packages\django\template\defaulttags.py", line 321, in render
    return nodelist.render(context)
  File "E:\NAL-USDA\ADC\env\lib\site-packages\django\template\base.py", line 1005, in render
    return SafeString("".join([node.render_annotated(context) for node in self]))
  File "E:\NAL-USDA\ADC\env\lib\site-packages\django\template\base.py", line 1005, in <listcomp>
    return SafeString("".join([node.render_annotated(context) for node in self]))
  File "E:\NAL-USDA\ADC\env\lib\site-packages\django\template\base.py", line 966, in render_annotated
    return self.render(context)
  File "E:\NAL-USDA\ADC\env\lib\site-packages\django\template\defaulttags.py", line 471, in render
    url = reverse(view_name, args=args, kwargs=kwargs, current_app=current_app)
  File "E:\NAL-USDA\ADC\env\lib\site-packages\django\urls\base.py", line 88, in reverse
    return resolver._reverse_with_prefix(view, prefix, *args, **kwargs)
  File "E:\NAL-USDA\ADC\env\lib\site-packages\django\urls\resolvers.py", line 828, in _reverse_with_prefix
    raise NoReverseMatch(msg)
django.urls.exceptions.NoReverseMatch: Reverse for 'auth_signin' not found. 'auth_signin' is not a valid view function or pattern name.
ERROR 2024-06-03 08:17:04,902 basehttp 17148 26936 "GET /home/datagov/ HTTP/1.1" 500 241744
ERROR 2024-06-03 08:18:27,879 log 32944 19704 Internal Server Error: /home/datagov/
Traceback (most recent call last):
  File "E:\NAL-USDA\ADC\env\lib\site-packages\django\core\handlers\exception.py", line 55, in inner
    response = get_response(request)
  File "E:\NAL-USDA\ADC\env\lib\site-packages\django\core\handlers\base.py", line 197, in _get_response
    response = wrapped_callback(request, *callback_args, **callback_kwargs)
  File "E:\NAL-USDA\ADC\api\views.py", line 9, in index
    return render(request, 'pages/dashboard.html')
  File "E:\NAL-USDA\ADC\env\lib\site-packages\django\shortcuts.py", line 24, in render
    content = loader.render_to_string(template_name, context, request, using=using)
  File "E:\NAL-USDA\ADC\env\lib\site-packages\django\template\loader.py", line 62, in render_to_string
    return template.render(context, request)
  File "E:\NAL-USDA\ADC\env\lib\site-packages\django\template\backends\django.py", line 61, in render
    return self.template.render(context)
  File "E:\NAL-USDA\ADC\env\lib\site-packages\django\template\base.py", line 175, in render
    return self._render(context)
  File "E:\NAL-USDA\ADC\env\lib\site-packages\django\template\base.py", line 167, in _render
    return self.nodelist.render(context)
  File "E:\NAL-USDA\ADC\env\lib\site-packages\django\template\base.py", line 1005, in render
    return SafeString("".join([node.render_annotated(context) for node in self]))
  File "E:\NAL-USDA\ADC\env\lib\site-packages\django\template\base.py", line 1005, in <listcomp>
    return SafeString("".join([node.render_annotated(context) for node in self]))
  File "E:\NAL-USDA\ADC\env\lib\site-packages\django\template\base.py", line 966, in render_annotated
    return self.render(context)
  File "E:\NAL-USDA\ADC\env\lib\site-packages\django\template\loader_tags.py", line 157, in render
    return compiled_parent._render(context)
  File "E:\NAL-USDA\ADC\env\lib\site-packages\django\template\base.py", line 167, in _render
    return self.nodelist.render(context)
  File "E:\NAL-USDA\ADC\env\lib\site-packages\django\template\base.py", line 1005, in render
    return SafeString("".join([node.render_annotated(context) for node in self]))
  File "E:\NAL-USDA\ADC\env\lib\site-packages\django\template\base.py", line 1005, in <listcomp>
    return SafeString("".join([node.render_annotated(context) for node in self]))
  File "E:\NAL-USDA\ADC\env\lib\site-packages\django\template\base.py", line 966, in render_annotated
    return self.render(context)
  File "E:\NAL-USDA\ADC\env\lib\site-packages\django\template\loader_tags.py", line 63, in render
    result = block.nodelist.render(context)
  File "E:\NAL-USDA\ADC\env\lib\site-packages\django\template\base.py", line 1005, in render
    return SafeString("".join([node.render_annotated(context) for node in self]))
  File "E:\NAL-USDA\ADC\env\lib\site-packages\django\template\base.py", line 1005, in <listcomp>
    return SafeString("".join([node.render_annotated(context) for node in self]))
  File "E:\NAL-USDA\ADC\env\lib\site-packages\django\template\base.py", line 966, in render_annotated
    return self.render(context)
  File "E:\NAL-USDA\ADC\env\lib\site-packages\django\template\loader_tags.py", line 208, in render
    return template.render(context)
  File "E:\NAL-USDA\ADC\env\lib\site-packages\django\template\base.py", line 177, in render
    return self._render(context)
  File "E:\NAL-USDA\ADC\env\lib\site-packages\django\template\base.py", line 167, in _render
    return self.nodelist.render(context)
  File "E:\NAL-USDA\ADC\env\lib\site-packages\django\template\base.py", line 1005, in render
    return SafeString("".join([node.render_annotated(context) for node in self]))
  File "E:\NAL-USDA\ADC\env\lib\site-packages\django\template\base.py", line 1005, in <listcomp>
    return SafeString("".join([node.render_annotated(context) for node in self]))
  File "E:\NAL-USDA\ADC\env\lib\site-packages\django\template\base.py", line 966, in render_annotated
    return self.render(context)
  File "E:\NAL-USDA\ADC\env\lib\site-packages\django\template\loader_tags.py", line 208, in render
    return template.render(context)
  File "E:\NAL-USDA\ADC\env\lib\site-packages\django\template\base.py", line 177, in render
    return self._render(context)
  File "E:\NAL-USDA\ADC\env\lib\site-packages\django\template\base.py", line 167, in _render
    return self.nodelist.render(context)
  File "E:\NAL-USDA\ADC\env\lib\site-packages\django\template\base.py", line 1005, in render
    return SafeString("".join([node.render_annotated(context) for node in self]))
  File "E:\NAL-USDA\ADC\env\lib\site-packages\django\template\base.py", line 1005, in <listcomp>
    return SafeString("".join([node.render_annotated(context) for node in self]))
  File "E:\NAL-USDA\ADC\env\lib\site-packages\django\template\base.py", line 966, in render_annotated
    return self.render(context)
  File "E:\NAL-USDA\ADC\env\lib\site-packages\django\template\defaulttags.py", line 321, in render
    return nodelist.render(context)
  File "E:\NAL-USDA\ADC\env\lib\site-packages\django\template\base.py", line 1005, in render
    return SafeString("".join([node.render_annotated(context) for node in self]))
  File "E:\NAL-USDA\ADC\env\lib\site-packages\django\template\base.py", line 1005, in <listcomp>
    return SafeString("".join([node.render_annotated(context) for node in self]))
  File "E:\NAL-USDA\ADC\env\lib\site-packages\django\template\base.py", line 966, in render_annotated
    return self.render(context)
  File "E:\NAL-USDA\ADC\env\lib\site-packages\django\template\defaulttags.py", line 471, in render
    url = reverse(view_name, args=args, kwargs=kwargs, current_app=current_app)
  File "E:\NAL-USDA\ADC\env\lib\site-packages\django\urls\base.py", line 88, in reverse
    return resolver._reverse_with_prefix(view, prefix, *args, **kwargs)
  File "E:\NAL-USDA\ADC\env\lib\site-packages\django\urls\resolvers.py", line 828, in _reverse_with_prefix
    raise NoReverseMatch(msg)
django.urls.exceptions.NoReverseMatch: Reverse for 'auth_signin' not found. 'auth_signin' is not a valid view function or pattern name.
ERROR 2024-06-03 08:18:27,885 basehttp 32944 19704 "GET /home/datagov/ HTTP/1.1" 500 241744
ERROR 2024-06-03 08:23:54,087 log 5192 46240 Internal Server Error: /home/datagov/
Traceback (most recent call last):
  File "E:\NAL-USDA\ADC\env\lib\site-packages\django\core\handlers\exception.py", line 55, in inner
    response = get_response(request)
  File "E:\NAL-USDA\ADC\env\lib\site-packages\django\core\handlers\base.py", line 197, in _get_response
    response = wrapped_callback(request, *callback_args, **callback_kwargs)
  File "E:\NAL-USDA\ADC\api\views.py", line 9, in index
    return render(request, 'pages/dashboard.html')
  File "E:\NAL-USDA\ADC\env\lib\site-packages\django\shortcuts.py", line 24, in render
    content = loader.render_to_string(template_name, context, request, using=using)
  File "E:\NAL-USDA\ADC\env\lib\site-packages\django\template\loader.py", line 62, in render_to_string
    return template.render(context, request)
  File "E:\NAL-USDA\ADC\env\lib\site-packages\django\template\backends\django.py", line 61, in render
    return self.template.render(context)
  File "E:\NAL-USDA\ADC\env\lib\site-packages\django\template\base.py", line 175, in render
    return self._render(context)
  File "E:\NAL-USDA\ADC\env\lib\site-packages\django\template\base.py", line 167, in _render
    return self.nodelist.render(context)
  File "E:\NAL-USDA\ADC\env\lib\site-packages\django\template\base.py", line 1005, in render
    return SafeString("".join([node.render_annotated(context) for node in self]))
  File "E:\NAL-USDA\ADC\env\lib\site-packages\django\template\base.py", line 1005, in <listcomp>
    return SafeString("".join([node.render_annotated(context) for node in self]))
  File "E:\NAL-USDA\ADC\env\lib\site-packages\django\template\base.py", line 966, in render_annotated
    return self.render(context)
  File "E:\NAL-USDA\ADC\env\lib\site-packages\django\template\loader_tags.py", line 157, in render
    return compiled_parent._render(context)
  File "E:\NAL-USDA\ADC\env\lib\site-packages\django\template\base.py", line 167, in _render
    return self.nodelist.render(context)
  File "E:\NAL-USDA\ADC\env\lib\site-packages\django\template\base.py", line 1005, in render
    return SafeString("".join([node.render_annotated(context) for node in self]))
  File "E:\NAL-USDA\ADC\env\lib\site-packages\django\template\base.py", line 1005, in <listcomp>
    return SafeString("".join([node.render_annotated(context) for node in self]))
  File "E:\NAL-USDA\ADC\env\lib\site-packages\django\template\base.py", line 966, in render_annotated
    return self.render(context)
  File "E:\NAL-USDA\ADC\env\lib\site-packages\django\template\loader_tags.py", line 63, in render
    result = block.nodelist.render(context)
  File "E:\NAL-USDA\ADC\env\lib\site-packages\django\template\base.py", line 1005, in render
    return SafeString("".join([node.render_annotated(context) for node in self]))
  File "E:\NAL-USDA\ADC\env\lib\site-packages\django\template\base.py", line 1005, in <listcomp>
    return SafeString("".join([node.render_annotated(context) for node in self]))
  File "E:\NAL-USDA\ADC\env\lib\site-packages\django\template\base.py", line 966, in render_annotated
    return self.render(context)
  File "E:\NAL-USDA\ADC\env\lib\site-packages\django\template\loader_tags.py", line 208, in render
    return template.render(context)
  File "E:\NAL-USDA\ADC\env\lib\site-packages\django\template\base.py", line 177, in render
    return self._render(context)
  File "E:\NAL-USDA\ADC\env\lib\site-packages\django\template\base.py", line 167, in _render
    return self.nodelist.render(context)
  File "E:\NAL-USDA\ADC\env\lib\site-packages\django\template\base.py", line 1005, in render
    return SafeString("".join([node.render_annotated(context) for node in self]))
  File "E:\NAL-USDA\ADC\env\lib\site-packages\django\template\base.py", line 1005, in <listcomp>
    return SafeString("".join([node.render_annotated(context) for node in self]))
  File "E:\NAL-USDA\ADC\env\lib\site-packages\django\template\base.py", line 966, in render_annotated
    return self.render(context)
  File "E:\NAL-USDA\ADC\env\lib\site-packages\django\template\loader_tags.py", line 208, in render
    return template.render(context)
  File "E:\NAL-USDA\ADC\env\lib\site-packages\django\template\base.py", line 177, in render
    return self._render(context)
  File "E:\NAL-USDA\ADC\env\lib\site-packages\django\template\base.py", line 167, in _render
    return self.nodelist.render(context)
  File "E:\NAL-USDA\ADC\env\lib\site-packages\django\template\base.py", line 1005, in render
    return SafeString("".join([node.render_annotated(context) for node in self]))
  File "E:\NAL-USDA\ADC\env\lib\site-packages\django\template\base.py", line 1005, in <listcomp>
    return SafeString("".join([node.render_annotated(context) for node in self]))
  File "E:\NAL-USDA\ADC\env\lib\site-packages\django\template\base.py", line 966, in render_annotated
    return self.render(context)
  File "E:\NAL-USDA\ADC\env\lib\site-packages\django\template\defaulttags.py", line 321, in render
    return nodelist.render(context)
  File "E:\NAL-USDA\ADC\env\lib\site-packages\django\template\base.py", line 1005, in render
    return SafeString("".join([node.render_annotated(context) for node in self]))
  File "E:\NAL-USDA\ADC\env\lib\site-packages\django\template\base.py", line 1005, in <listcomp>
    return SafeString("".join([node.render_annotated(context) for node in self]))
  File "E:\NAL-USDA\ADC\env\lib\site-packages\django\template\base.py", line 966, in render_annotated
    return self.render(context)
  File "E:\NAL-USDA\ADC\env\lib\site-packages\django\template\defaulttags.py", line 471, in render
    url = reverse(view_name, args=args, kwargs=kwargs, current_app=current_app)
  File "E:\NAL-USDA\ADC\env\lib\site-packages\django\urls\base.py", line 88, in reverse
    return resolver._reverse_with_prefix(view, prefix, *args, **kwargs)
  File "E:\NAL-USDA\ADC\env\lib\site-packages\django\urls\resolvers.py", line 828, in _reverse_with_prefix
    raise NoReverseMatch(msg)
django.urls.exceptions.NoReverseMatch: Reverse for 'auth_signin' not found. 'auth_signin' is not a valid view function or pattern name.
ERROR 2024-06-03 08:23:54,091 basehttp 5192 46240 "GET /home/datagov/ HTTP/1.1" 500 241860
ERROR 2024-06-03 08:24:55,017 log 50776 15860 Internal Server Error: /home/datagov/
Traceback (most recent call last):
  File "E:\NAL-USDA\ADC\env\lib\site-packages\django\core\handlers\exception.py", line 55, in inner
    response = get_response(request)
  File "E:\NAL-USDA\ADC\env\lib\site-packages\django\core\handlers\base.py", line 197, in _get_response
    response = wrapped_callback(request, *callback_args, **callback_kwargs)
  File "E:\NAL-USDA\ADC\api\views.py", line 9, in index
    return render(request, 'pages/dashboard.html')
  File "E:\NAL-USDA\ADC\env\lib\site-packages\django\shortcuts.py", line 24, in render
    content = loader.render_to_string(template_name, context, request, using=using)
  File "E:\NAL-USDA\ADC\env\lib\site-packages\django\template\loader.py", line 62, in render_to_string
    return template.render(context, request)
  File "E:\NAL-USDA\ADC\env\lib\site-packages\django\template\backends\django.py", line 61, in render
    return self.template.render(context)
  File "E:\NAL-USDA\ADC\env\lib\site-packages\django\template\base.py", line 175, in render
    return self._render(context)
  File "E:\NAL-USDA\ADC\env\lib\site-packages\django\template\base.py", line 167, in _render
    return self.nodelist.render(context)
  File "E:\NAL-USDA\ADC\env\lib\site-packages\django\template\base.py", line 1005, in render
    return SafeString("".join([node.render_annotated(context) for node in self]))
  File "E:\NAL-USDA\ADC\env\lib\site-packages\django\template\base.py", line 1005, in <listcomp>
    return SafeString("".join([node.render_annotated(context) for node in self]))
  File "E:\NAL-USDA\ADC\env\lib\site-packages\django\template\base.py", line 966, in render_annotated
    return self.render(context)
  File "E:\NAL-USDA\ADC\env\lib\site-packages\django\template\loader_tags.py", line 157, in render
    return compiled_parent._render(context)
  File "E:\NAL-USDA\ADC\env\lib\site-packages\django\template\base.py", line 167, in _render
    return self.nodelist.render(context)
  File "E:\NAL-USDA\ADC\env\lib\site-packages\django\template\base.py", line 1005, in render
    return SafeString("".join([node.render_annotated(context) for node in self]))
  File "E:\NAL-USDA\ADC\env\lib\site-packages\django\template\base.py", line 1005, in <listcomp>
    return SafeString("".join([node.render_annotated(context) for node in self]))
  File "E:\NAL-USDA\ADC\env\lib\site-packages\django\template\base.py", line 966, in render_annotated
    return self.render(context)
  File "E:\NAL-USDA\ADC\env\lib\site-packages\django\template\loader_tags.py", line 63, in render
    result = block.nodelist.render(context)
  File "E:\NAL-USDA\ADC\env\lib\site-packages\django\template\base.py", line 1005, in render
    return SafeString("".join([node.render_annotated(context) for node in self]))
  File "E:\NAL-USDA\ADC\env\lib\site-packages\django\template\base.py", line 1005, in <listcomp>
    return SafeString("".join([node.render_annotated(context) for node in self]))
  File "E:\NAL-USDA\ADC\env\lib\site-packages\django\template\base.py", line 966, in render_annotated
    return self.render(context)
  File "E:\NAL-USDA\ADC\env\lib\site-packages\django\template\loader_tags.py", line 208, in render
    return template.render(context)
  File "E:\NAL-USDA\ADC\env\lib\site-packages\django\template\base.py", line 177, in render
    return self._render(context)
  File "E:\NAL-USDA\ADC\env\lib\site-packages\django\template\base.py", line 167, in _render
    return self.nodelist.render(context)
  File "E:\NAL-USDA\ADC\env\lib\site-packages\django\template\base.py", line 1005, in render
    return SafeString("".join([node.render_annotated(context) for node in self]))
  File "E:\NAL-USDA\ADC\env\lib\site-packages\django\template\base.py", line 1005, in <listcomp>
    return SafeString("".join([node.render_annotated(context) for node in self]))
  File "E:\NAL-USDA\ADC\env\lib\site-packages\django\template\base.py", line 966, in render_annotated
    return self.render(context)
  File "E:\NAL-USDA\ADC\env\lib\site-packages\django\template\loader_tags.py", line 208, in render
    return template.render(context)
  File "E:\NAL-USDA\ADC\env\lib\site-packages\django\template\base.py", line 177, in render
    return self._render(context)
  File "E:\NAL-USDA\ADC\env\lib\site-packages\django\template\base.py", line 167, in _render
    return self.nodelist.render(context)
  File "E:\NAL-USDA\ADC\env\lib\site-packages\django\template\base.py", line 1005, in render
    return SafeString("".join([node.render_annotated(context) for node in self]))
  File "E:\NAL-USDA\ADC\env\lib\site-packages\django\template\base.py", line 1005, in <listcomp>
    return SafeString("".join([node.render_annotated(context) for node in self]))
  File "E:\NAL-USDA\ADC\env\lib\site-packages\django\template\base.py", line 966, in render_annotated
    return self.render(context)
  File "E:\NAL-USDA\ADC\env\lib\site-packages\django\template\defaulttags.py", line 321, in render
    return nodelist.render(context)
  File "E:\NAL-USDA\ADC\env\lib\site-packages\django\template\base.py", line 1005, in render
    return SafeString("".join([node.render_annotated(context) for node in self]))
  File "E:\NAL-USDA\ADC\env\lib\site-packages\django\template\base.py", line 1005, in <listcomp>
    return SafeString("".join([node.render_annotated(context) for node in self]))
  File "E:\NAL-USDA\ADC\env\lib\site-packages\django\template\base.py", line 966, in render_annotated
    return self.render(context)
  File "E:\NAL-USDA\ADC\env\lib\site-packages\django\template\defaulttags.py", line 471, in render
    url = reverse(view_name, args=args, kwargs=kwargs, current_app=current_app)
  File "E:\NAL-USDA\ADC\env\lib\site-packages\django\urls\base.py", line 88, in reverse
    return resolver._reverse_with_prefix(view, prefix, *args, **kwargs)
  File "E:\NAL-USDA\ADC\env\lib\site-packages\django\urls\resolvers.py", line 828, in _reverse_with_prefix
    raise NoReverseMatch(msg)
django.urls.exceptions.NoReverseMatch: Reverse for 'auth_signin' not found. 'auth_signin' is not a valid view function or pattern name.
ERROR 2024-06-03 08:24:55,064 log 50776 15860 Internal Server Error: /home/datagov/
Traceback (most recent call last):
  File "E:\NAL-USDA\ADC\env\lib\site-packages\django\urls\base.py", line 71, in reverse
    extra, resolver = resolver.namespace_dict[ns]
KeyError: 'django_browser_reload'

During handling of the above exception, another exception occurred:

Traceback (most recent call last):
  File "E:\NAL-USDA\ADC\env\lib\site-packages\django\core\handlers\exception.py", line 55, in inner
    response = get_response(request)
  File "E:\NAL-USDA\ADC\env\lib\site-packages\django_browser_reload\middleware.py", line 50, in __call__
    self.maybe_inject(response)
  File "E:\NAL-USDA\ADC\env\lib\site-packages\django_browser_reload\middleware.py", line 82, in maybe_inject
    response.content = head + django_browser_reload_script() + tag + tail
  File "E:\NAL-USDA\ADC\env\lib\site-packages\django_browser_reload\jinja.py", line 21, in django_browser_reload_script
    reverse("django_browser_reload:events"),
  File "E:\NAL-USDA\ADC\env\lib\site-packages\django\urls\base.py", line 82, in reverse
    raise NoReverseMatch("%s is not a registered namespace" % key)
django.urls.exceptions.NoReverseMatch: 'django_browser_reload' is not a registered namespace
ERROR 2024-06-03 08:24:55,064 basehttp 50776 15860 "GET /home/datagov/ HTTP/1.1" 500 95112
ERROR 2024-06-03 08:24:55,127 log 50776 15860 Internal Server Error: /favicon.ico
Traceback (most recent call last):
  File "E:\NAL-USDA\ADC\env\lib\site-packages\django\urls\base.py", line 71, in reverse
    extra, resolver = resolver.namespace_dict[ns]
KeyError: 'django_browser_reload'

During handling of the above exception, another exception occurred:

Traceback (most recent call last):
  File "E:\NAL-USDA\ADC\env\lib\site-packages\django\core\handlers\exception.py", line 55, in inner
    response = get_response(request)
  File "E:\NAL-USDA\ADC\env\lib\site-packages\django_browser_reload\middleware.py", line 50, in __call__
    self.maybe_inject(response)
  File "E:\NAL-USDA\ADC\env\lib\site-packages\django_browser_reload\middleware.py", line 82, in maybe_inject
    response.content = head + django_browser_reload_script() + tag + tail
  File "E:\NAL-USDA\ADC\env\lib\site-packages\django_browser_reload\jinja.py", line 21, in django_browser_reload_script
    reverse("django_browser_reload:events"),
  File "E:\NAL-USDA\ADC\env\lib\site-packages\django\urls\base.py", line 82, in reverse
    raise NoReverseMatch("%s is not a registered namespace" % key)
django.urls.exceptions.NoReverseMatch: 'django_browser_reload' is not a registered namespace
ERROR 2024-06-03 08:25:36,286 log 50776 39564 Internal Server Error: /home/datagov/
Traceback (most recent call last):
  File "E:\NAL-USDA\ADC\env\lib\site-packages\django\core\handlers\exception.py", line 55, in inner
    response = get_response(request)
  File "E:\NAL-USDA\ADC\env\lib\site-packages\django\core\handlers\base.py", line 197, in _get_response
    response = wrapped_callback(request, *callback_args, **callback_kwargs)
  File "E:\NAL-USDA\ADC\api\views.py", line 9, in index
    return render(request, 'pages/dashboard.html')
  File "E:\NAL-USDA\ADC\env\lib\site-packages\django\shortcuts.py", line 24, in render
    content = loader.render_to_string(template_name, context, request, using=using)
  File "E:\NAL-USDA\ADC\env\lib\site-packages\django\template\loader.py", line 62, in render_to_string
    return template.render(context, request)
  File "E:\NAL-USDA\ADC\env\lib\site-packages\django\template\backends\django.py", line 61, in render
    return self.template.render(context)
  File "E:\NAL-USDA\ADC\env\lib\site-packages\django\template\base.py", line 175, in render
    return self._render(context)
  File "E:\NAL-USDA\ADC\env\lib\site-packages\django\template\base.py", line 167, in _render
    return self.nodelist.render(context)
  File "E:\NAL-USDA\ADC\env\lib\site-packages\django\template\base.py", line 1005, in render
    return SafeString("".join([node.render_annotated(context) for node in self]))
  File "E:\NAL-USDA\ADC\env\lib\site-packages\django\template\base.py", line 1005, in <listcomp>
    return SafeString("".join([node.render_annotated(context) for node in self]))
  File "E:\NAL-USDA\ADC\env\lib\site-packages\django\template\base.py", line 966, in render_annotated
    return self.render(context)
  File "E:\NAL-USDA\ADC\env\lib\site-packages\django\template\loader_tags.py", line 157, in render
    return compiled_parent._render(context)
  File "E:\NAL-USDA\ADC\env\lib\site-packages\django\template\base.py", line 167, in _render
    return self.nodelist.render(context)
  File "E:\NAL-USDA\ADC\env\lib\site-packages\django\template\base.py", line 1005, in render
    return SafeString("".join([node.render_annotated(context) for node in self]))
  File "E:\NAL-USDA\ADC\env\lib\site-packages\django\template\base.py", line 1005, in <listcomp>
    return SafeString("".join([node.render_annotated(context) for node in self]))
  File "E:\NAL-USDA\ADC\env\lib\site-packages\django\template\base.py", line 966, in render_annotated
    return self.render(context)
  File "E:\NAL-USDA\ADC\env\lib\site-packages\django\template\loader_tags.py", line 63, in render
    result = block.nodelist.render(context)
  File "E:\NAL-USDA\ADC\env\lib\site-packages\django\template\base.py", line 1005, in render
    return SafeString("".join([node.render_annotated(context) for node in self]))
  File "E:\NAL-USDA\ADC\env\lib\site-packages\django\template\base.py", line 1005, in <listcomp>
    return SafeString("".join([node.render_annotated(context) for node in self]))
  File "E:\NAL-USDA\ADC\env\lib\site-packages\django\template\base.py", line 966, in render_annotated
    return self.render(context)
  File "E:\NAL-USDA\ADC\env\lib\site-packages\django\template\loader_tags.py", line 208, in render
    return template.render(context)
  File "E:\NAL-USDA\ADC\env\lib\site-packages\django\template\base.py", line 177, in render
    return self._render(context)
  File "E:\NAL-USDA\ADC\env\lib\site-packages\django\template\base.py", line 167, in _render
    return self.nodelist.render(context)
  File "E:\NAL-USDA\ADC\env\lib\site-packages\django\template\base.py", line 1005, in render
    return SafeString("".join([node.render_annotated(context) for node in self]))
  File "E:\NAL-USDA\ADC\env\lib\site-packages\django\template\base.py", line 1005, in <listcomp>
    return SafeString("".join([node.render_annotated(context) for node in self]))
  File "E:\NAL-USDA\ADC\env\lib\site-packages\django\template\base.py", line 966, in render_annotated
    return self.render(context)
  File "E:\NAL-USDA\ADC\env\lib\site-packages\django\template\loader_tags.py", line 208, in render
    return template.render(context)
  File "E:\NAL-USDA\ADC\env\lib\site-packages\django\template\base.py", line 177, in render
    return self._render(context)
  File "E:\NAL-USDA\ADC\env\lib\site-packages\django\template\base.py", line 167, in _render
    return self.nodelist.render(context)
  File "E:\NAL-USDA\ADC\env\lib\site-packages\django\template\base.py", line 1005, in render
    return SafeString("".join([node.render_annotated(context) for node in self]))
  File "E:\NAL-USDA\ADC\env\lib\site-packages\django\template\base.py", line 1005, in <listcomp>
    return SafeString("".join([node.render_annotated(context) for node in self]))
  File "E:\NAL-USDA\ADC\env\lib\site-packages\django\template\base.py", line 966, in render_annotated
    return self.render(context)
  File "E:\NAL-USDA\ADC\env\lib\site-packages\django\template\defaulttags.py", line 321, in render
    return nodelist.render(context)
  File "E:\NAL-USDA\ADC\env\lib\site-packages\django\template\base.py", line 1005, in render
    return SafeString("".join([node.render_annotated(context) for node in self]))
  File "E:\NAL-USDA\ADC\env\lib\site-packages\django\template\base.py", line 1005, in <listcomp>
    return SafeString("".join([node.render_annotated(context) for node in self]))
  File "E:\NAL-USDA\ADC\env\lib\site-packages\django\template\base.py", line 966, in render_annotated
    return self.render(context)
  File "E:\NAL-USDA\ADC\env\lib\site-packages\django\template\defaulttags.py", line 471, in render
    url = reverse(view_name, args=args, kwargs=kwargs, current_app=current_app)
  File "E:\NAL-USDA\ADC\env\lib\site-packages\django\urls\base.py", line 88, in reverse
    return resolver._reverse_with_prefix(view, prefix, *args, **kwargs)
  File "E:\NAL-USDA\ADC\env\lib\site-packages\django\urls\resolvers.py", line 828, in _reverse_with_prefix
    raise NoReverseMatch(msg)
django.urls.exceptions.NoReverseMatch: Reverse for 'auth_signin' not found. 'auth_signin' is not a valid view function or pattern name.
ERROR 2024-06-03 08:25:36,365 log 50776 39564 Internal Server Error: /home/datagov/
Traceback (most recent call last):
  File "E:\NAL-USDA\ADC\env\lib\site-packages\django\urls\base.py", line 71, in reverse
    extra, resolver = resolver.namespace_dict[ns]
KeyError: 'django_browser_reload'

During handling of the above exception, another exception occurred:

Traceback (most recent call last):
  File "E:\NAL-USDA\ADC\env\lib\site-packages\django\core\handlers\exception.py", line 55, in inner
    response = get_response(request)
  File "E:\NAL-USDA\ADC\env\lib\site-packages\django_browser_reload\middleware.py", line 50, in __call__
    self.maybe_inject(response)
  File "E:\NAL-USDA\ADC\env\lib\site-packages\django_browser_reload\middleware.py", line 82, in maybe_inject
    response.content = head + django_browser_reload_script() + tag + tail
  File "E:\NAL-USDA\ADC\env\lib\site-packages\django_browser_reload\jinja.py", line 21, in django_browser_reload_script
    reverse("django_browser_reload:events"),
  File "E:\NAL-USDA\ADC\env\lib\site-packages\django\urls\base.py", line 82, in reverse
    raise NoReverseMatch("%s is not a registered namespace" % key)
django.urls.exceptions.NoReverseMatch: 'django_browser_reload' is not a registered namespace
ERROR 2024-06-03 08:25:36,365 basehttp 50776 39564 "GET /home/datagov/ HTTP/1.1" 500 95112
ERROR 2024-06-03 08:25:36,428 log 50776 39564 Internal Server Error: /favicon.ico
Traceback (most recent call last):
  File "E:\NAL-USDA\ADC\env\lib\site-packages\django\urls\base.py", line 71, in reverse
    extra, resolver = resolver.namespace_dict[ns]
KeyError: 'django_browser_reload'

During handling of the above exception, another exception occurred:

Traceback (most recent call last):
  File "E:\NAL-USDA\ADC\env\lib\site-packages\django\core\handlers\exception.py", line 55, in inner
    response = get_response(request)
  File "E:\NAL-USDA\ADC\env\lib\site-packages\django_browser_reload\middleware.py", line 50, in __call__
    self.maybe_inject(response)
  File "E:\NAL-USDA\ADC\env\lib\site-packages\django_browser_reload\middleware.py", line 82, in maybe_inject
    response.content = head + django_browser_reload_script() + tag + tail
  File "E:\NAL-USDA\ADC\env\lib\site-packages\django_browser_reload\jinja.py", line 21, in django_browser_reload_script
    reverse("django_browser_reload:events"),
  File "E:\NAL-USDA\ADC\env\lib\site-packages\django\urls\base.py", line 82, in reverse
    raise NoReverseMatch("%s is not a registered namespace" % key)
django.urls.exceptions.NoReverseMatch: 'django_browser_reload' is not a registered namespace
ERROR 2024-06-03 08:26:08,227 log 50776 7324 Internal Server Error: /home/datagov/
Traceback (most recent call last):
  File "E:\NAL-USDA\ADC\env\lib\site-packages\django\core\handlers\exception.py", line 55, in inner
    response = get_response(request)
  File "E:\NAL-USDA\ADC\env\lib\site-packages\django\core\handlers\base.py", line 197, in _get_response
    response = wrapped_callback(request, *callback_args, **callback_kwargs)
  File "E:\NAL-USDA\ADC\api\views.py", line 9, in index
    return render(request, 'pages/dashboard.html')
  File "E:\NAL-USDA\ADC\env\lib\site-packages\django\shortcuts.py", line 24, in render
    content = loader.render_to_string(template_name, context, request, using=using)
  File "E:\NAL-USDA\ADC\env\lib\site-packages\django\template\loader.py", line 62, in render_to_string
    return template.render(context, request)
  File "E:\NAL-USDA\ADC\env\lib\site-packages\django\template\backends\django.py", line 61, in render
    return self.template.render(context)
  File "E:\NAL-USDA\ADC\env\lib\site-packages\django\template\base.py", line 175, in render
    return self._render(context)
  File "E:\NAL-USDA\ADC\env\lib\site-packages\django\template\base.py", line 167, in _render
    return self.nodelist.render(context)
  File "E:\NAL-USDA\ADC\env\lib\site-packages\django\template\base.py", line 1005, in render
    return SafeString("".join([node.render_annotated(context) for node in self]))
  File "E:\NAL-USDA\ADC\env\lib\site-packages\django\template\base.py", line 1005, in <listcomp>
    return SafeString("".join([node.render_annotated(context) for node in self]))
  File "E:\NAL-USDA\ADC\env\lib\site-packages\django\template\base.py", line 966, in render_annotated
    return self.render(context)
  File "E:\NAL-USDA\ADC\env\lib\site-packages\django\template\loader_tags.py", line 157, in render
    return compiled_parent._render(context)
  File "E:\NAL-USDA\ADC\env\lib\site-packages\django\template\base.py", line 167, in _render
    return self.nodelist.render(context)
  File "E:\NAL-USDA\ADC\env\lib\site-packages\django\template\base.py", line 1005, in render
    return SafeString("".join([node.render_annotated(context) for node in self]))
  File "E:\NAL-USDA\ADC\env\lib\site-packages\django\template\base.py", line 1005, in <listcomp>
    return SafeString("".join([node.render_annotated(context) for node in self]))
  File "E:\NAL-USDA\ADC\env\lib\site-packages\django\template\base.py", line 966, in render_annotated
    return self.render(context)
  File "E:\NAL-USDA\ADC\env\lib\site-packages\django\template\loader_tags.py", line 63, in render
    result = block.nodelist.render(context)
  File "E:\NAL-USDA\ADC\env\lib\site-packages\django\template\base.py", line 1005, in render
    return SafeString("".join([node.render_annotated(context) for node in self]))
  File "E:\NAL-USDA\ADC\env\lib\site-packages\django\template\base.py", line 1005, in <listcomp>
    return SafeString("".join([node.render_annotated(context) for node in self]))
  File "E:\NAL-USDA\ADC\env\lib\site-packages\django\template\base.py", line 966, in render_annotated
    return self.render(context)
  File "E:\NAL-USDA\ADC\env\lib\site-packages\django\template\loader_tags.py", line 208, in render
    return template.render(context)
  File "E:\NAL-USDA\ADC\env\lib\site-packages\django\template\base.py", line 177, in render
    return self._render(context)
  File "E:\NAL-USDA\ADC\env\lib\site-packages\django\template\base.py", line 167, in _render
    return self.nodelist.render(context)
  File "E:\NAL-USDA\ADC\env\lib\site-packages\django\template\base.py", line 1005, in render
    return SafeString("".join([node.render_annotated(context) for node in self]))
  File "E:\NAL-USDA\ADC\env\lib\site-packages\django\template\base.py", line 1005, in <listcomp>
    return SafeString("".join([node.render_annotated(context) for node in self]))
  File "E:\NAL-USDA\ADC\env\lib\site-packages\django\template\base.py", line 966, in render_annotated
    return self.render(context)
  File "E:\NAL-USDA\ADC\env\lib\site-packages\django\template\loader_tags.py", line 208, in render
    return template.render(context)
  File "E:\NAL-USDA\ADC\env\lib\site-packages\django\template\base.py", line 177, in render
    return self._render(context)
  File "E:\NAL-USDA\ADC\env\lib\site-packages\django\template\base.py", line 167, in _render
    return self.nodelist.render(context)
  File "E:\NAL-USDA\ADC\env\lib\site-packages\django\template\base.py", line 1005, in render
    return SafeString("".join([node.render_annotated(context) for node in self]))
  File "E:\NAL-USDA\ADC\env\lib\site-packages\django\template\base.py", line 1005, in <listcomp>
    return SafeString("".join([node.render_annotated(context) for node in self]))
  File "E:\NAL-USDA\ADC\env\lib\site-packages\django\template\base.py", line 966, in render_annotated
    return self.render(context)
  File "E:\NAL-USDA\ADC\env\lib\site-packages\django\template\defaulttags.py", line 321, in render
    return nodelist.render(context)
  File "E:\NAL-USDA\ADC\env\lib\site-packages\django\template\base.py", line 1005, in render
    return SafeString("".join([node.render_annotated(context) for node in self]))
  File "E:\NAL-USDA\ADC\env\lib\site-packages\django\template\base.py", line 1005, in <listcomp>
    return SafeString("".join([node.render_annotated(context) for node in self]))
  File "E:\NAL-USDA\ADC\env\lib\site-packages\django\template\base.py", line 966, in render_annotated
    return self.render(context)
  File "E:\NAL-USDA\ADC\env\lib\site-packages\django\template\defaulttags.py", line 471, in render
    url = reverse(view_name, args=args, kwargs=kwargs, current_app=current_app)
  File "E:\NAL-USDA\ADC\env\lib\site-packages\django\urls\base.py", line 88, in reverse
    return resolver._reverse_with_prefix(view, prefix, *args, **kwargs)
  File "E:\NAL-USDA\ADC\env\lib\site-packages\django\urls\resolvers.py", line 828, in _reverse_with_prefix
    raise NoReverseMatch(msg)
django.urls.exceptions.NoReverseMatch: Reverse for 'auth_signin' not found. 'auth_signin' is not a valid view function or pattern name.
ERROR 2024-06-03 08:26:08,274 log 50776 7324 Internal Server Error: /home/datagov/
Traceback (most recent call last):
  File "E:\NAL-USDA\ADC\env\lib\site-packages\django\urls\base.py", line 71, in reverse
    extra, resolver = resolver.namespace_dict[ns]
KeyError: 'django_browser_reload'

During handling of the above exception, another exception occurred:

Traceback (most recent call last):
  File "E:\NAL-USDA\ADC\env\lib\site-packages\django\core\handlers\exception.py", line 55, in inner
    response = get_response(request)
  File "E:\NAL-USDA\ADC\env\lib\site-packages\django_browser_reload\middleware.py", line 50, in __call__
    self.maybe_inject(response)
  File "E:\NAL-USDA\ADC\env\lib\site-packages\django_browser_reload\middleware.py", line 82, in maybe_inject
    response.content = head + django_browser_reload_script() + tag + tail
  File "E:\NAL-USDA\ADC\env\lib\site-packages\django_browser_reload\jinja.py", line 21, in django_browser_reload_script
    reverse("django_browser_reload:events"),
  File "E:\NAL-USDA\ADC\env\lib\site-packages\django\urls\base.py", line 82, in reverse
    raise NoReverseMatch("%s is not a registered namespace" % key)
django.urls.exceptions.NoReverseMatch: 'django_browser_reload' is not a registered namespace
ERROR 2024-06-03 08:26:08,274 basehttp 50776 7324 "GET /home/datagov/ HTTP/1.1" 500 95112
ERROR 2024-06-03 08:28:09,296 log 50776 52448 Internal Server Error: /home/datagov/
Traceback (most recent call last):
  File "E:\NAL-USDA\ADC\env\lib\site-packages\django\core\handlers\exception.py", line 55, in inner
    response = get_response(request)
  File "E:\NAL-USDA\ADC\env\lib\site-packages\django\core\handlers\base.py", line 197, in _get_response
    response = wrapped_callback(request, *callback_args, **callback_kwargs)
  File "E:\NAL-USDA\ADC\api\views.py", line 9, in index
    return render(request, 'pages/dashboard.html')
  File "E:\NAL-USDA\ADC\env\lib\site-packages\django\shortcuts.py", line 24, in render
    content = loader.render_to_string(template_name, context, request, using=using)
  File "E:\NAL-USDA\ADC\env\lib\site-packages\django\template\loader.py", line 62, in render_to_string
    return template.render(context, request)
  File "E:\NAL-USDA\ADC\env\lib\site-packages\django\template\backends\django.py", line 61, in render
    return self.template.render(context)
  File "E:\NAL-USDA\ADC\env\lib\site-packages\django\template\base.py", line 175, in render
    return self._render(context)
  File "E:\NAL-USDA\ADC\env\lib\site-packages\django\template\base.py", line 167, in _render
    return self.nodelist.render(context)
  File "E:\NAL-USDA\ADC\env\lib\site-packages\django\template\base.py", line 1005, in render
    return SafeString("".join([node.render_annotated(context) for node in self]))
  File "E:\NAL-USDA\ADC\env\lib\site-packages\django\template\base.py", line 1005, in <listcomp>
    return SafeString("".join([node.render_annotated(context) for node in self]))
  File "E:\NAL-USDA\ADC\env\lib\site-packages\django\template\base.py", line 966, in render_annotated
    return self.render(context)
  File "E:\NAL-USDA\ADC\env\lib\site-packages\django\template\loader_tags.py", line 157, in render
    return compiled_parent._render(context)
  File "E:\NAL-USDA\ADC\env\lib\site-packages\django\template\base.py", line 167, in _render
    return self.nodelist.render(context)
  File "E:\NAL-USDA\ADC\env\lib\site-packages\django\template\base.py", line 1005, in render
    return SafeString("".join([node.render_annotated(context) for node in self]))
  File "E:\NAL-USDA\ADC\env\lib\site-packages\django\template\base.py", line 1005, in <listcomp>
    return SafeString("".join([node.render_annotated(context) for node in self]))
  File "E:\NAL-USDA\ADC\env\lib\site-packages\django\template\base.py", line 966, in render_annotated
    return self.render(context)
  File "E:\NAL-USDA\ADC\env\lib\site-packages\django\template\loader_tags.py", line 63, in render
    result = block.nodelist.render(context)
  File "E:\NAL-USDA\ADC\env\lib\site-packages\django\template\base.py", line 1005, in render
    return SafeString("".join([node.render_annotated(context) for node in self]))
  File "E:\NAL-USDA\ADC\env\lib\site-packages\django\template\base.py", line 1005, in <listcomp>
    return SafeString("".join([node.render_annotated(context) for node in self]))
  File "E:\NAL-USDA\ADC\env\lib\site-packages\django\template\base.py", line 966, in render_annotated
    return self.render(context)
  File "E:\NAL-USDA\ADC\env\lib\site-packages\django\template\loader_tags.py", line 208, in render
    return template.render(context)
  File "E:\NAL-USDA\ADC\env\lib\site-packages\django\template\base.py", line 177, in render
    return self._render(context)
  File "E:\NAL-USDA\ADC\env\lib\site-packages\django\template\base.py", line 167, in _render
    return self.nodelist.render(context)
  File "E:\NAL-USDA\ADC\env\lib\site-packages\django\template\base.py", line 1005, in render
    return SafeString("".join([node.render_annotated(context) for node in self]))
  File "E:\NAL-USDA\ADC\env\lib\site-packages\django\template\base.py", line 1005, in <listcomp>
    return SafeString("".join([node.render_annotated(context) for node in self]))
  File "E:\NAL-USDA\ADC\env\lib\site-packages\django\template\base.py", line 966, in render_annotated
    return self.render(context)
  File "E:\NAL-USDA\ADC\env\lib\site-packages\django\template\loader_tags.py", line 208, in render
    return template.render(context)
  File "E:\NAL-USDA\ADC\env\lib\site-packages\django\template\base.py", line 177, in render
    return self._render(context)
  File "E:\NAL-USDA\ADC\env\lib\site-packages\django\template\base.py", line 167, in _render
    return self.nodelist.render(context)
  File "E:\NAL-USDA\ADC\env\lib\site-packages\django\template\base.py", line 1005, in render
    return SafeString("".join([node.render_annotated(context) for node in self]))
  File "E:\NAL-USDA\ADC\env\lib\site-packages\django\template\base.py", line 1005, in <listcomp>
    return SafeString("".join([node.render_annotated(context) for node in self]))
  File "E:\NAL-USDA\ADC\env\lib\site-packages\django\template\base.py", line 966, in render_annotated
    return self.render(context)
  File "E:\NAL-USDA\ADC\env\lib\site-packages\django\template\defaulttags.py", line 321, in render
    return nodelist.render(context)
  File "E:\NAL-USDA\ADC\env\lib\site-packages\django\template\base.py", line 1005, in render
    return SafeString("".join([node.render_annotated(context) for node in self]))
  File "E:\NAL-USDA\ADC\env\lib\site-packages\django\template\base.py", line 1005, in <listcomp>
    return SafeString("".join([node.render_annotated(context) for node in self]))
  File "E:\NAL-USDA\ADC\env\lib\site-packages\django\template\base.py", line 966, in render_annotated
    return self.render(context)
  File "E:\NAL-USDA\ADC\env\lib\site-packages\django\template\defaulttags.py", line 471, in render
    url = reverse(view_name, args=args, kwargs=kwargs, current_app=current_app)
  File "E:\NAL-USDA\ADC\env\lib\site-packages\django\urls\base.py", line 88, in reverse
    return resolver._reverse_with_prefix(view, prefix, *args, **kwargs)
  File "E:\NAL-USDA\ADC\env\lib\site-packages\django\urls\resolvers.py", line 828, in _reverse_with_prefix
    raise NoReverseMatch(msg)
django.urls.exceptions.NoReverseMatch: Reverse for 'auth_signin' not found. 'auth_signin' is not a valid view function or pattern name.
ERROR 2024-06-03 08:28:09,359 log 50776 52448 Internal Server Error: /home/datagov/
Traceback (most recent call last):
  File "E:\NAL-USDA\ADC\env\lib\site-packages\django\urls\base.py", line 71, in reverse
    extra, resolver = resolver.namespace_dict[ns]
KeyError: 'django_browser_reload'

During handling of the above exception, another exception occurred:

Traceback (most recent call last):
  File "E:\NAL-USDA\ADC\env\lib\site-packages\django\core\handlers\exception.py", line 55, in inner
    response = get_response(request)
  File "E:\NAL-USDA\ADC\env\lib\site-packages\django_browser_reload\middleware.py", line 50, in __call__
    self.maybe_inject(response)
  File "E:\NAL-USDA\ADC\env\lib\site-packages\django_browser_reload\middleware.py", line 82, in maybe_inject
    response.content = head + django_browser_reload_script() + tag + tail
  File "E:\NAL-USDA\ADC\env\lib\site-packages\django_browser_reload\jinja.py", line 21, in django_browser_reload_script
    reverse("django_browser_reload:events"),
  File "E:\NAL-USDA\ADC\env\lib\site-packages\django\urls\base.py", line 82, in reverse
    raise NoReverseMatch("%s is not a registered namespace" % key)
django.urls.exceptions.NoReverseMatch: 'django_browser_reload' is not a registered namespace
ERROR 2024-06-03 08:28:09,359 basehttp 50776 52448 "GET /home/datagov/ HTTP/1.1" 500 95112
ERROR 2024-06-03 08:28:12,027 log 50776 52448 Internal Server Error: /home/datagov/
Traceback (most recent call last):
  File "E:\NAL-USDA\ADC\env\lib\site-packages\django\core\handlers\exception.py", line 55, in inner
    response = get_response(request)
  File "E:\NAL-USDA\ADC\env\lib\site-packages\django\core\handlers\base.py", line 197, in _get_response
    response = wrapped_callback(request, *callback_args, **callback_kwargs)
  File "E:\NAL-USDA\ADC\api\views.py", line 9, in index
    return render(request, 'pages/dashboard.html')
  File "E:\NAL-USDA\ADC\env\lib\site-packages\django\shortcuts.py", line 24, in render
    content = loader.render_to_string(template_name, context, request, using=using)
  File "E:\NAL-USDA\ADC\env\lib\site-packages\django\template\loader.py", line 62, in render_to_string
    return template.render(context, request)
  File "E:\NAL-USDA\ADC\env\lib\site-packages\django\template\backends\django.py", line 61, in render
    return self.template.render(context)
  File "E:\NAL-USDA\ADC\env\lib\site-packages\django\template\base.py", line 175, in render
    return self._render(context)
  File "E:\NAL-USDA\ADC\env\lib\site-packages\django\template\base.py", line 167, in _render
    return self.nodelist.render(context)
  File "E:\NAL-USDA\ADC\env\lib\site-packages\django\template\base.py", line 1005, in render
    return SafeString("".join([node.render_annotated(context) for node in self]))
  File "E:\NAL-USDA\ADC\env\lib\site-packages\django\template\base.py", line 1005, in <listcomp>
    return SafeString("".join([node.render_annotated(context) for node in self]))
  File "E:\NAL-USDA\ADC\env\lib\site-packages\django\template\base.py", line 966, in render_annotated
    return self.render(context)
  File "E:\NAL-USDA\ADC\env\lib\site-packages\django\template\loader_tags.py", line 157, in render
    return compiled_parent._render(context)
  File "E:\NAL-USDA\ADC\env\lib\site-packages\django\template\base.py", line 167, in _render
    return self.nodelist.render(context)
  File "E:\NAL-USDA\ADC\env\lib\site-packages\django\template\base.py", line 1005, in render
    return SafeString("".join([node.render_annotated(context) for node in self]))
  File "E:\NAL-USDA\ADC\env\lib\site-packages\django\template\base.py", line 1005, in <listcomp>
    return SafeString("".join([node.render_annotated(context) for node in self]))
  File "E:\NAL-USDA\ADC\env\lib\site-packages\django\template\base.py", line 966, in render_annotated
    return self.render(context)
  File "E:\NAL-USDA\ADC\env\lib\site-packages\django\template\loader_tags.py", line 63, in render
    result = block.nodelist.render(context)
  File "E:\NAL-USDA\ADC\env\lib\site-packages\django\template\base.py", line 1005, in render
    return SafeString("".join([node.render_annotated(context) for node in self]))
  File "E:\NAL-USDA\ADC\env\lib\site-packages\django\template\base.py", line 1005, in <listcomp>
    return SafeString("".join([node.render_annotated(context) for node in self]))
  File "E:\NAL-USDA\ADC\env\lib\site-packages\django\template\base.py", line 966, in render_annotated
    return self.render(context)
  File "E:\NAL-USDA\ADC\env\lib\site-packages\django\template\loader_tags.py", line 208, in render
    return template.render(context)
  File "E:\NAL-USDA\ADC\env\lib\site-packages\django\template\base.py", line 177, in render
    return self._render(context)
  File "E:\NAL-USDA\ADC\env\lib\site-packages\django\template\base.py", line 167, in _render
    return self.nodelist.render(context)
  File "E:\NAL-USDA\ADC\env\lib\site-packages\django\template\base.py", line 1005, in render
    return SafeString("".join([node.render_annotated(context) for node in self]))
  File "E:\NAL-USDA\ADC\env\lib\site-packages\django\template\base.py", line 1005, in <listcomp>
    return SafeString("".join([node.render_annotated(context) for node in self]))
  File "E:\NAL-USDA\ADC\env\lib\site-packages\django\template\base.py", line 966, in render_annotated
    return self.render(context)
  File "E:\NAL-USDA\ADC\env\lib\site-packages\django\template\loader_tags.py", line 208, in render
    return template.render(context)
  File "E:\NAL-USDA\ADC\env\lib\site-packages\django\template\base.py", line 177, in render
    return self._render(context)
  File "E:\NAL-USDA\ADC\env\lib\site-packages\django\template\base.py", line 167, in _render
    return self.nodelist.render(context)
  File "E:\NAL-USDA\ADC\env\lib\site-packages\django\template\base.py", line 1005, in render
    return SafeString("".join([node.render_annotated(context) for node in self]))
  File "E:\NAL-USDA\ADC\env\lib\site-packages\django\template\base.py", line 1005, in <listcomp>
    return SafeString("".join([node.render_annotated(context) for node in self]))
  File "E:\NAL-USDA\ADC\env\lib\site-packages\django\template\base.py", line 966, in render_annotated
    return self.render(context)
  File "E:\NAL-USDA\ADC\env\lib\site-packages\django\template\defaulttags.py", line 321, in render
    return nodelist.render(context)
  File "E:\NAL-USDA\ADC\env\lib\site-packages\django\template\base.py", line 1005, in render
    return SafeString("".join([node.render_annotated(context) for node in self]))
  File "E:\NAL-USDA\ADC\env\lib\site-packages\django\template\base.py", line 1005, in <listcomp>
    return SafeString("".join([node.render_annotated(context) for node in self]))
  File "E:\NAL-USDA\ADC\env\lib\site-packages\django\template\base.py", line 966, in render_annotated
    return self.render(context)
  File "E:\NAL-USDA\ADC\env\lib\site-packages\django\template\defaulttags.py", line 471, in render
    url = reverse(view_name, args=args, kwargs=kwargs, current_app=current_app)
  File "E:\NAL-USDA\ADC\env\lib\site-packages\django\urls\base.py", line 88, in reverse
    return resolver._reverse_with_prefix(view, prefix, *args, **kwargs)
  File "E:\NAL-USDA\ADC\env\lib\site-packages\django\urls\resolvers.py", line 828, in _reverse_with_prefix
    raise NoReverseMatch(msg)
django.urls.exceptions.NoReverseMatch: Reverse for 'auth_signin' not found. 'auth_signin' is not a valid view function or pattern name.
ERROR 2024-06-03 08:28:12,075 log 50776 52448 Internal Server Error: /home/datagov/
Traceback (most recent call last):
  File "E:\NAL-USDA\ADC\env\lib\site-packages\django\urls\base.py", line 71, in reverse
    extra, resolver = resolver.namespace_dict[ns]
KeyError: 'django_browser_reload'

During handling of the above exception, another exception occurred:

Traceback (most recent call last):
  File "E:\NAL-USDA\ADC\env\lib\site-packages\django\core\handlers\exception.py", line 55, in inner
    response = get_response(request)
  File "E:\NAL-USDA\ADC\env\lib\site-packages\django_browser_reload\middleware.py", line 50, in __call__
    self.maybe_inject(response)
  File "E:\NAL-USDA\ADC\env\lib\site-packages\django_browser_reload\middleware.py", line 82, in maybe_inject
    response.content = head + django_browser_reload_script() + tag + tail
  File "E:\NAL-USDA\ADC\env\lib\site-packages\django_browser_reload\jinja.py", line 21, in django_browser_reload_script
    reverse("django_browser_reload:events"),
  File "E:\NAL-USDA\ADC\env\lib\site-packages\django\urls\base.py", line 82, in reverse
    raise NoReverseMatch("%s is not a registered namespace" % key)
django.urls.exceptions.NoReverseMatch: 'django_browser_reload' is not a registered namespace
ERROR 2024-06-03 08:28:12,075 basehttp 50776 52448 "GET /home/datagov/ HTTP/1.1" 500 95112
ERROR 2024-06-03 08:35:54,259 log 50776 17860 Internal Server Error: /home/datagov/
Traceback (most recent call last):
  File "E:\NAL-USDA\ADC\env\lib\site-packages\django\core\handlers\exception.py", line 55, in inner
    response = get_response(request)
  File "E:\NAL-USDA\ADC\env\lib\site-packages\django\core\handlers\base.py", line 197, in _get_response
    response = wrapped_callback(request, *callback_args, **callback_kwargs)
  File "E:\NAL-USDA\ADC\api\views.py", line 9, in index
    return render(request, 'pages/dashboard.html')
  File "E:\NAL-USDA\ADC\env\lib\site-packages\django\shortcuts.py", line 24, in render
    content = loader.render_to_string(template_name, context, request, using=using)
  File "E:\NAL-USDA\ADC\env\lib\site-packages\django\template\loader.py", line 62, in render_to_string
    return template.render(context, request)
  File "E:\NAL-USDA\ADC\env\lib\site-packages\django\template\backends\django.py", line 61, in render
    return self.template.render(context)
  File "E:\NAL-USDA\ADC\env\lib\site-packages\django\template\base.py", line 175, in render
    return self._render(context)
  File "E:\NAL-USDA\ADC\env\lib\site-packages\django\template\base.py", line 167, in _render
    return self.nodelist.render(context)
  File "E:\NAL-USDA\ADC\env\lib\site-packages\django\template\base.py", line 1005, in render
    return SafeString("".join([node.render_annotated(context) for node in self]))
  File "E:\NAL-USDA\ADC\env\lib\site-packages\django\template\base.py", line 1005, in <listcomp>
    return SafeString("".join([node.render_annotated(context) for node in self]))
  File "E:\NAL-USDA\ADC\env\lib\site-packages\django\template\base.py", line 966, in render_annotated
    return self.render(context)
  File "E:\NAL-USDA\ADC\env\lib\site-packages\django\template\loader_tags.py", line 157, in render
    return compiled_parent._render(context)
  File "E:\NAL-USDA\ADC\env\lib\site-packages\django\template\base.py", line 167, in _render
    return self.nodelist.render(context)
  File "E:\NAL-USDA\ADC\env\lib\site-packages\django\template\base.py", line 1005, in render
    return SafeString("".join([node.render_annotated(context) for node in self]))
  File "E:\NAL-USDA\ADC\env\lib\site-packages\django\template\base.py", line 1005, in <listcomp>
    return SafeString("".join([node.render_annotated(context) for node in self]))
  File "E:\NAL-USDA\ADC\env\lib\site-packages\django\template\base.py", line 966, in render_annotated
    return self.render(context)
  File "E:\NAL-USDA\ADC\env\lib\site-packages\django\template\loader_tags.py", line 63, in render
    result = block.nodelist.render(context)
  File "E:\NAL-USDA\ADC\env\lib\site-packages\django\template\base.py", line 1005, in render
    return SafeString("".join([node.render_annotated(context) for node in self]))
  File "E:\NAL-USDA\ADC\env\lib\site-packages\django\template\base.py", line 1005, in <listcomp>
    return SafeString("".join([node.render_annotated(context) for node in self]))
  File "E:\NAL-USDA\ADC\env\lib\site-packages\django\template\base.py", line 966, in render_annotated
    return self.render(context)
  File "E:\NAL-USDA\ADC\env\lib\site-packages\django\template\loader_tags.py", line 208, in render
    return template.render(context)
  File "E:\NAL-USDA\ADC\env\lib\site-packages\django\template\base.py", line 177, in render
    return self._render(context)
  File "E:\NAL-USDA\ADC\env\lib\site-packages\django\template\base.py", line 167, in _render
    return self.nodelist.render(context)
  File "E:\NAL-USDA\ADC\env\lib\site-packages\django\template\base.py", line 1005, in render
    return SafeString("".join([node.render_annotated(context) for node in self]))
  File "E:\NAL-USDA\ADC\env\lib\site-packages\django\template\base.py", line 1005, in <listcomp>
    return SafeString("".join([node.render_annotated(context) for node in self]))
  File "E:\NAL-USDA\ADC\env\lib\site-packages\django\template\base.py", line 966, in render_annotated
    return self.render(context)
  File "E:\NAL-USDA\ADC\env\lib\site-packages\django\template\loader_tags.py", line 208, in render
    return template.render(context)
  File "E:\NAL-USDA\ADC\env\lib\site-packages\django\template\base.py", line 177, in render
    return self._render(context)
  File "E:\NAL-USDA\ADC\env\lib\site-packages\django\template\base.py", line 167, in _render
    return self.nodelist.render(context)
  File "E:\NAL-USDA\ADC\env\lib\site-packages\django\template\base.py", line 1005, in render
    return SafeString("".join([node.render_annotated(context) for node in self]))
  File "E:\NAL-USDA\ADC\env\lib\site-packages\django\template\base.py", line 1005, in <listcomp>
    return SafeString("".join([node.render_annotated(context) for node in self]))
  File "E:\NAL-USDA\ADC\env\lib\site-packages\django\template\base.py", line 966, in render_annotated
    return self.render(context)
  File "E:\NAL-USDA\ADC\env\lib\site-packages\django\template\defaulttags.py", line 321, in render
    return nodelist.render(context)
  File "E:\NAL-USDA\ADC\env\lib\site-packages\django\template\base.py", line 1005, in render
    return SafeString("".join([node.render_annotated(context) for node in self]))
  File "E:\NAL-USDA\ADC\env\lib\site-packages\django\template\base.py", line 1005, in <listcomp>
    return SafeString("".join([node.render_annotated(context) for node in self]))
  File "E:\NAL-USDA\ADC\env\lib\site-packages\django\template\base.py", line 966, in render_annotated
    return self.render(context)
  File "E:\NAL-USDA\ADC\env\lib\site-packages\django\template\defaulttags.py", line 471, in render
    url = reverse(view_name, args=args, kwargs=kwargs, current_app=current_app)
  File "E:\NAL-USDA\ADC\env\lib\site-packages\django\urls\base.py", line 88, in reverse
    return resolver._reverse_with_prefix(view, prefix, *args, **kwargs)
  File "E:\NAL-USDA\ADC\env\lib\site-packages\django\urls\resolvers.py", line 828, in _reverse_with_prefix
    raise NoReverseMatch(msg)
django.urls.exceptions.NoReverseMatch: Reverse for 'auth_signin' not found. 'auth_signin' is not a valid view function or pattern name.
ERROR 2024-06-03 08:35:54,327 log 50776 17860 Internal Server Error: /home/datagov/
Traceback (most recent call last):
  File "E:\NAL-USDA\ADC\env\lib\site-packages\django\urls\base.py", line 71, in reverse
    extra, resolver = resolver.namespace_dict[ns]
KeyError: 'django_browser_reload'

During handling of the above exception, another exception occurred:

Traceback (most recent call last):
  File "E:\NAL-USDA\ADC\env\lib\site-packages\django\core\handlers\exception.py", line 55, in inner
    response = get_response(request)
  File "E:\NAL-USDA\ADC\env\lib\site-packages\django_browser_reload\middleware.py", line 50, in __call__
    self.maybe_inject(response)
  File "E:\NAL-USDA\ADC\env\lib\site-packages\django_browser_reload\middleware.py", line 82, in maybe_inject
    response.content = head + django_browser_reload_script() + tag + tail
  File "E:\NAL-USDA\ADC\env\lib\site-packages\django_browser_reload\jinja.py", line 21, in django_browser_reload_script
    reverse("django_browser_reload:events"),
  File "E:\NAL-USDA\ADC\env\lib\site-packages\django\urls\base.py", line 82, in reverse
    raise NoReverseMatch("%s is not a registered namespace" % key)
django.urls.exceptions.NoReverseMatch: 'django_browser_reload' is not a registered namespace
ERROR 2024-06-03 08:35:54,327 basehttp 50776 17860 "GET /home/datagov/ HTTP/1.1" 500 95112
ERROR 2024-06-03 08:35:54,435 log 50776 17860 Internal Server Error: /favicon.ico
Traceback (most recent call last):
  File "E:\NAL-USDA\ADC\env\lib\site-packages\django\urls\base.py", line 71, in reverse
    extra, resolver = resolver.namespace_dict[ns]
KeyError: 'django_browser_reload'

During handling of the above exception, another exception occurred:

Traceback (most recent call last):
  File "E:\NAL-USDA\ADC\env\lib\site-packages\django\core\handlers\exception.py", line 55, in inner
    response = get_response(request)
  File "E:\NAL-USDA\ADC\env\lib\site-packages\django_browser_reload\middleware.py", line 50, in __call__
    self.maybe_inject(response)
  File "E:\NAL-USDA\ADC\env\lib\site-packages\django_browser_reload\middleware.py", line 82, in maybe_inject
    response.content = head + django_browser_reload_script() + tag + tail
  File "E:\NAL-USDA\ADC\env\lib\site-packages\django_browser_reload\jinja.py", line 21, in django_browser_reload_script
    reverse("django_browser_reload:events"),
  File "E:\NAL-USDA\ADC\env\lib\site-packages\django\urls\base.py", line 82, in reverse
    raise NoReverseMatch("%s is not a registered namespace" % key)
django.urls.exceptions.NoReverseMatch: 'django_browser_reload' is not a registered namespace
ERROR 2024-06-03 08:45:53,498 log 49256 38568 Internal Server Error: /
Traceback (most recent call last):
  File "E:\NAL-USDA\ADC\env\lib\site-packages\django\core\handlers\exception.py", line 55, in inner
    response = get_response(request)
  File "E:\NAL-USDA\ADC\env\lib\site-packages\django\core\handlers\base.py", line 197, in _get_response
    response = wrapped_callback(request, *callback_args, **callback_kwargs)
  File "E:\NAL-USDA\ADC\api\views.py", line 9, in index
    return render(request, 'pages/dashboard.html')
  File "E:\NAL-USDA\ADC\env\lib\site-packages\django\shortcuts.py", line 24, in render
    content = loader.render_to_string(template_name, context, request, using=using)
  File "E:\NAL-USDA\ADC\env\lib\site-packages\django\template\loader.py", line 62, in render_to_string
    return template.render(context, request)
  File "E:\NAL-USDA\ADC\env\lib\site-packages\django\template\backends\django.py", line 61, in render
    return self.template.render(context)
  File "E:\NAL-USDA\ADC\env\lib\site-packages\django\template\base.py", line 175, in render
    return self._render(context)
  File "E:\NAL-USDA\ADC\env\lib\site-packages\django\template\base.py", line 167, in _render
    return self.nodelist.render(context)
  File "E:\NAL-USDA\ADC\env\lib\site-packages\django\template\base.py", line 1005, in render
    return SafeString("".join([node.render_annotated(context) for node in self]))
  File "E:\NAL-USDA\ADC\env\lib\site-packages\django\template\base.py", line 1005, in <listcomp>
    return SafeString("".join([node.render_annotated(context) for node in self]))
  File "E:\NAL-USDA\ADC\env\lib\site-packages\django\template\base.py", line 966, in render_annotated
    return self.render(context)
  File "E:\NAL-USDA\ADC\env\lib\site-packages\django\template\loader_tags.py", line 157, in render
    return compiled_parent._render(context)
  File "E:\NAL-USDA\ADC\env\lib\site-packages\django\template\base.py", line 167, in _render
    return self.nodelist.render(context)
  File "E:\NAL-USDA\ADC\env\lib\site-packages\django\template\base.py", line 1005, in render
    return SafeString("".join([node.render_annotated(context) for node in self]))
  File "E:\NAL-USDA\ADC\env\lib\site-packages\django\template\base.py", line 1005, in <listcomp>
    return SafeString("".join([node.render_annotated(context) for node in self]))
  File "E:\NAL-USDA\ADC\env\lib\site-packages\django\template\base.py", line 966, in render_annotated
    return self.render(context)
  File "E:\NAL-USDA\ADC\env\lib\site-packages\django\template\loader_tags.py", line 63, in render
    result = block.nodelist.render(context)
  File "E:\NAL-USDA\ADC\env\lib\site-packages\django\template\base.py", line 1005, in render
    return SafeString("".join([node.render_annotated(context) for node in self]))
  File "E:\NAL-USDA\ADC\env\lib\site-packages\django\template\base.py", line 1005, in <listcomp>
    return SafeString("".join([node.render_annotated(context) for node in self]))
  File "E:\NAL-USDA\ADC\env\lib\site-packages\django\template\base.py", line 966, in render_annotated
    return self.render(context)
  File "E:\NAL-USDA\ADC\env\lib\site-packages\django\template\loader_tags.py", line 208, in render
    return template.render(context)
  File "E:\NAL-USDA\ADC\env\lib\site-packages\django\template\base.py", line 177, in render
    return self._render(context)
  File "E:\NAL-USDA\ADC\env\lib\site-packages\django\template\base.py", line 167, in _render
    return self.nodelist.render(context)
  File "E:\NAL-USDA\ADC\env\lib\site-packages\django\template\base.py", line 1005, in render
    return SafeString("".join([node.render_annotated(context) for node in self]))
  File "E:\NAL-USDA\ADC\env\lib\site-packages\django\template\base.py", line 1005, in <listcomp>
    return SafeString("".join([node.render_annotated(context) for node in self]))
  File "E:\NAL-USDA\ADC\env\lib\site-packages\django\template\base.py", line 966, in render_annotated
    return self.render(context)
  File "E:\NAL-USDA\ADC\env\lib\site-packages\django\template\loader_tags.py", line 208, in render
    return template.render(context)
  File "E:\NAL-USDA\ADC\env\lib\site-packages\django\template\base.py", line 177, in render
    return self._render(context)
  File "E:\NAL-USDA\ADC\env\lib\site-packages\django\template\base.py", line 167, in _render
    return self.nodelist.render(context)
  File "E:\NAL-USDA\ADC\env\lib\site-packages\django\template\base.py", line 1005, in render
    return SafeString("".join([node.render_annotated(context) for node in self]))
  File "E:\NAL-USDA\ADC\env\lib\site-packages\django\template\base.py", line 1005, in <listcomp>
    return SafeString("".join([node.render_annotated(context) for node in self]))
  File "E:\NAL-USDA\ADC\env\lib\site-packages\django\template\base.py", line 966, in render_annotated
    return self.render(context)
  File "E:\NAL-USDA\ADC\env\lib\site-packages\django\template\defaulttags.py", line 321, in render
    return nodelist.render(context)
  File "E:\NAL-USDA\ADC\env\lib\site-packages\django\template\base.py", line 1005, in render
    return SafeString("".join([node.render_annotated(context) for node in self]))
  File "E:\NAL-USDA\ADC\env\lib\site-packages\django\template\base.py", line 1005, in <listcomp>
    return SafeString("".join([node.render_annotated(context) for node in self]))
  File "E:\NAL-USDA\ADC\env\lib\site-packages\django\template\base.py", line 966, in render_annotated
    return self.render(context)
  File "E:\NAL-USDA\ADC\env\lib\site-packages\django\template\defaulttags.py", line 471, in render
    url = reverse(view_name, args=args, kwargs=kwargs, current_app=current_app)
  File "E:\NAL-USDA\ADC\env\lib\site-packages\django\urls\base.py", line 88, in reverse
    return resolver._reverse_with_prefix(view, prefix, *args, **kwargs)
  File "E:\NAL-USDA\ADC\env\lib\site-packages\django\urls\resolvers.py", line 828, in _reverse_with_prefix
    raise NoReverseMatch(msg)
django.urls.exceptions.NoReverseMatch: Reverse for 'auth_signin' not found. 'auth_signin' is not a valid view function or pattern name.
ERROR 2024-06-03 08:45:53,498 basehttp 49256 38568 "GET / HTTP/1.1" 500 242147
ERROR 2024-06-03 08:45:55,706 log 49256 52780 Internal Server Error: /
Traceback (most recent call last):
  File "E:\NAL-USDA\ADC\env\lib\site-packages\django\core\handlers\exception.py", line 55, in inner
    response = get_response(request)
  File "E:\NAL-USDA\ADC\env\lib\site-packages\django\core\handlers\base.py", line 197, in _get_response
    response = wrapped_callback(request, *callback_args, **callback_kwargs)
  File "E:\NAL-USDA\ADC\api\views.py", line 9, in index
    return render(request, 'pages/dashboard.html')
  File "E:\NAL-USDA\ADC\env\lib\site-packages\django\shortcuts.py", line 24, in render
    content = loader.render_to_string(template_name, context, request, using=using)
  File "E:\NAL-USDA\ADC\env\lib\site-packages\django\template\loader.py", line 62, in render_to_string
    return template.render(context, request)
  File "E:\NAL-USDA\ADC\env\lib\site-packages\django\template\backends\django.py", line 61, in render
    return self.template.render(context)
  File "E:\NAL-USDA\ADC\env\lib\site-packages\django\template\base.py", line 175, in render
    return self._render(context)
  File "E:\NAL-USDA\ADC\env\lib\site-packages\django\template\base.py", line 167, in _render
    return self.nodelist.render(context)
  File "E:\NAL-USDA\ADC\env\lib\site-packages\django\template\base.py", line 1005, in render
    return SafeString("".join([node.render_annotated(context) for node in self]))
  File "E:\NAL-USDA\ADC\env\lib\site-packages\django\template\base.py", line 1005, in <listcomp>
    return SafeString("".join([node.render_annotated(context) for node in self]))
  File "E:\NAL-USDA\ADC\env\lib\site-packages\django\template\base.py", line 966, in render_annotated
    return self.render(context)
  File "E:\NAL-USDA\ADC\env\lib\site-packages\django\template\loader_tags.py", line 157, in render
    return compiled_parent._render(context)
  File "E:\NAL-USDA\ADC\env\lib\site-packages\django\template\base.py", line 167, in _render
    return self.nodelist.render(context)
  File "E:\NAL-USDA\ADC\env\lib\site-packages\django\template\base.py", line 1005, in render
    return SafeString("".join([node.render_annotated(context) for node in self]))
  File "E:\NAL-USDA\ADC\env\lib\site-packages\django\template\base.py", line 1005, in <listcomp>
    return SafeString("".join([node.render_annotated(context) for node in self]))
  File "E:\NAL-USDA\ADC\env\lib\site-packages\django\template\base.py", line 966, in render_annotated
    return self.render(context)
  File "E:\NAL-USDA\ADC\env\lib\site-packages\django\template\loader_tags.py", line 63, in render
    result = block.nodelist.render(context)
  File "E:\NAL-USDA\ADC\env\lib\site-packages\django\template\base.py", line 1005, in render
    return SafeString("".join([node.render_annotated(context) for node in self]))
  File "E:\NAL-USDA\ADC\env\lib\site-packages\django\template\base.py", line 1005, in <listcomp>
    return SafeString("".join([node.render_annotated(context) for node in self]))
  File "E:\NAL-USDA\ADC\env\lib\site-packages\django\template\base.py", line 966, in render_annotated
    return self.render(context)
  File "E:\NAL-USDA\ADC\env\lib\site-packages\django\template\loader_tags.py", line 208, in render
    return template.render(context)
  File "E:\NAL-USDA\ADC\env\lib\site-packages\django\template\base.py", line 177, in render
    return self._render(context)
  File "E:\NAL-USDA\ADC\env\lib\site-packages\django\template\base.py", line 167, in _render
    return self.nodelist.render(context)
  File "E:\NAL-USDA\ADC\env\lib\site-packages\django\template\base.py", line 1005, in render
    return SafeString("".join([node.render_annotated(context) for node in self]))
  File "E:\NAL-USDA\ADC\env\lib\site-packages\django\template\base.py", line 1005, in <listcomp>
    return SafeString("".join([node.render_annotated(context) for node in self]))
  File "E:\NAL-USDA\ADC\env\lib\site-packages\django\template\base.py", line 966, in render_annotated
    return self.render(context)
  File "E:\NAL-USDA\ADC\env\lib\site-packages\django\template\loader_tags.py", line 208, in render
    return template.render(context)
  File "E:\NAL-USDA\ADC\env\lib\site-packages\django\template\base.py", line 177, in render
    return self._render(context)
  File "E:\NAL-USDA\ADC\env\lib\site-packages\django\template\base.py", line 167, in _render
    return self.nodelist.render(context)
  File "E:\NAL-USDA\ADC\env\lib\site-packages\django\template\base.py", line 1005, in render
    return SafeString("".join([node.render_annotated(context) for node in self]))
  File "E:\NAL-USDA\ADC\env\lib\site-packages\django\template\base.py", line 1005, in <listcomp>
    return SafeString("".join([node.render_annotated(context) for node in self]))
  File "E:\NAL-USDA\ADC\env\lib\site-packages\django\template\base.py", line 966, in render_annotated
    return self.render(context)
  File "E:\NAL-USDA\ADC\env\lib\site-packages\django\template\defaulttags.py", line 321, in render
    return nodelist.render(context)
  File "E:\NAL-USDA\ADC\env\lib\site-packages\django\template\base.py", line 1005, in render
    return SafeString("".join([node.render_annotated(context) for node in self]))
  File "E:\NAL-USDA\ADC\env\lib\site-packages\django\template\base.py", line 1005, in <listcomp>
    return SafeString("".join([node.render_annotated(context) for node in self]))
  File "E:\NAL-USDA\ADC\env\lib\site-packages\django\template\base.py", line 966, in render_annotated
    return self.render(context)
  File "E:\NAL-USDA\ADC\env\lib\site-packages\django\template\defaulttags.py", line 471, in render
    url = reverse(view_name, args=args, kwargs=kwargs, current_app=current_app)
  File "E:\NAL-USDA\ADC\env\lib\site-packages\django\urls\base.py", line 88, in reverse
    return resolver._reverse_with_prefix(view, prefix, *args, **kwargs)
  File "E:\NAL-USDA\ADC\env\lib\site-packages\django\urls\resolvers.py", line 828, in _reverse_with_prefix
    raise NoReverseMatch(msg)
django.urls.exceptions.NoReverseMatch: Reverse for 'auth_signin' not found. 'auth_signin' is not a valid view function or pattern name.
ERROR 2024-06-03 08:45:55,721 basehttp 49256 52780 "GET / HTTP/1.1" 500 242147
ERROR 2024-06-03 08:45:57,206 log 49256 52780 Internal Server Error: /
Traceback (most recent call last):
  File "E:\NAL-USDA\ADC\env\lib\site-packages\django\core\handlers\exception.py", line 55, in inner
    response = get_response(request)
  File "E:\NAL-USDA\ADC\env\lib\site-packages\django\core\handlers\base.py", line 197, in _get_response
    response = wrapped_callback(request, *callback_args, **callback_kwargs)
  File "E:\NAL-USDA\ADC\api\views.py", line 9, in index
    return render(request, 'pages/dashboard.html')
  File "E:\NAL-USDA\ADC\env\lib\site-packages\django\shortcuts.py", line 24, in render
    content = loader.render_to_string(template_name, context, request, using=using)
  File "E:\NAL-USDA\ADC\env\lib\site-packages\django\template\loader.py", line 62, in render_to_string
    return template.render(context, request)
  File "E:\NAL-USDA\ADC\env\lib\site-packages\django\template\backends\django.py", line 61, in render
    return self.template.render(context)
  File "E:\NAL-USDA\ADC\env\lib\site-packages\django\template\base.py", line 175, in render
    return self._render(context)
  File "E:\NAL-USDA\ADC\env\lib\site-packages\django\template\base.py", line 167, in _render
    return self.nodelist.render(context)
  File "E:\NAL-USDA\ADC\env\lib\site-packages\django\template\base.py", line 1005, in render
    return SafeString("".join([node.render_annotated(context) for node in self]))
  File "E:\NAL-USDA\ADC\env\lib\site-packages\django\template\base.py", line 1005, in <listcomp>
    return SafeString("".join([node.render_annotated(context) for node in self]))
  File "E:\NAL-USDA\ADC\env\lib\site-packages\django\template\base.py", line 966, in render_annotated
    return self.render(context)
  File "E:\NAL-USDA\ADC\env\lib\site-packages\django\template\loader_tags.py", line 157, in render
    return compiled_parent._render(context)
  File "E:\NAL-USDA\ADC\env\lib\site-packages\django\template\base.py", line 167, in _render
    return self.nodelist.render(context)
  File "E:\NAL-USDA\ADC\env\lib\site-packages\django\template\base.py", line 1005, in render
    return SafeString("".join([node.render_annotated(context) for node in self]))
  File "E:\NAL-USDA\ADC\env\lib\site-packages\django\template\base.py", line 1005, in <listcomp>
    return SafeString("".join([node.render_annotated(context) for node in self]))
  File "E:\NAL-USDA\ADC\env\lib\site-packages\django\template\base.py", line 966, in render_annotated
    return self.render(context)
  File "E:\NAL-USDA\ADC\env\lib\site-packages\django\template\loader_tags.py", line 63, in render
    result = block.nodelist.render(context)
  File "E:\NAL-USDA\ADC\env\lib\site-packages\django\template\base.py", line 1005, in render
    return SafeString("".join([node.render_annotated(context) for node in self]))
  File "E:\NAL-USDA\ADC\env\lib\site-packages\django\template\base.py", line 1005, in <listcomp>
    return SafeString("".join([node.render_annotated(context) for node in self]))
  File "E:\NAL-USDA\ADC\env\lib\site-packages\django\template\base.py", line 966, in render_annotated
    return self.render(context)
  File "E:\NAL-USDA\ADC\env\lib\site-packages\django\template\loader_tags.py", line 208, in render
    return template.render(context)
  File "E:\NAL-USDA\ADC\env\lib\site-packages\django\template\base.py", line 177, in render
    return self._render(context)
  File "E:\NAL-USDA\ADC\env\lib\site-packages\django\template\base.py", line 167, in _render
    return self.nodelist.render(context)
  File "E:\NAL-USDA\ADC\env\lib\site-packages\django\template\base.py", line 1005, in render
    return SafeString("".join([node.render_annotated(context) for node in self]))
  File "E:\NAL-USDA\ADC\env\lib\site-packages\django\template\base.py", line 1005, in <listcomp>
    return SafeString("".join([node.render_annotated(context) for node in self]))
  File "E:\NAL-USDA\ADC\env\lib\site-packages\django\template\base.py", line 966, in render_annotated
    return self.render(context)
  File "E:\NAL-USDA\ADC\env\lib\site-packages\django\template\loader_tags.py", line 208, in render
    return template.render(context)
  File "E:\NAL-USDA\ADC\env\lib\site-packages\django\template\base.py", line 177, in render
    return self._render(context)
  File "E:\NAL-USDA\ADC\env\lib\site-packages\django\template\base.py", line 167, in _render
    return self.nodelist.render(context)
  File "E:\NAL-USDA\ADC\env\lib\site-packages\django\template\base.py", line 1005, in render
    return SafeString("".join([node.render_annotated(context) for node in self]))
  File "E:\NAL-USDA\ADC\env\lib\site-packages\django\template\base.py", line 1005, in <listcomp>
    return SafeString("".join([node.render_annotated(context) for node in self]))
  File "E:\NAL-USDA\ADC\env\lib\site-packages\django\template\base.py", line 966, in render_annotated
    return self.render(context)
  File "E:\NAL-USDA\ADC\env\lib\site-packages\django\template\defaulttags.py", line 321, in render
    return nodelist.render(context)
  File "E:\NAL-USDA\ADC\env\lib\site-packages\django\template\base.py", line 1005, in render
    return SafeString("".join([node.render_annotated(context) for node in self]))
  File "E:\NAL-USDA\ADC\env\lib\site-packages\django\template\base.py", line 1005, in <listcomp>
    return SafeString("".join([node.render_annotated(context) for node in self]))
  File "E:\NAL-USDA\ADC\env\lib\site-packages\django\template\base.py", line 966, in render_annotated
    return self.render(context)
  File "E:\NAL-USDA\ADC\env\lib\site-packages\django\template\defaulttags.py", line 471, in render
    url = reverse(view_name, args=args, kwargs=kwargs, current_app=current_app)
  File "E:\NAL-USDA\ADC\env\lib\site-packages\django\urls\base.py", line 88, in reverse
    return resolver._reverse_with_prefix(view, prefix, *args, **kwargs)
  File "E:\NAL-USDA\ADC\env\lib\site-packages\django\urls\resolvers.py", line 828, in _reverse_with_prefix
    raise NoReverseMatch(msg)
django.urls.exceptions.NoReverseMatch: Reverse for 'auth_signin' not found. 'auth_signin' is not a valid view function or pattern name.
ERROR 2024-06-03 08:45:57,206 basehttp 49256 52780 "GET / HTTP/1.1" 500 242272
ERROR 2024-06-03 08:45:58,050 basehttp 49256 5860 "GET / HTTP/1.1" 500 242147
ERROR 2024-06-03 08:46:00,333 basehttp 49256 5860 "GET / HTTP/1.1" 500 242272
ERROR 2024-06-03 08:46:02,700 basehttp 49256 5860 "GET / HTTP/1.1" 500 242272
ERROR 2024-06-03 08:46:05,488 basehttp 49256 26192 "GET / HTTP/1.1" 500 242147
ERROR 2024-06-03 08:46:08,210 basehttp 49256 26192 "GET / HTTP/1.1" 500 242147
ERROR 2024-06-03 08:46:10,550 basehttp 49256 28148 "GET / HTTP/1.1" 500 242147
ERROR 2024-06-03 08:46:12,761 basehttp 49256 28148 "GET / HTTP/1.1" 500 242147
ERROR 2024-06-03 08:46:14,791 basehttp 49256 2600 "GET / HTTP/1.1" 500 242147
ERROR 2024-06-03 08:46:16,958 basehttp 49256 2600 "GET / HTTP/1.1" 500 242147
ERROR 2024-06-03 08:46:19,020 basehttp 49256 36316 "GET / HTTP/1.1" 500 242147
ERROR 2024-06-03 08:46:21,312 basehttp 49256 36316 "GET / HTTP/1.1" 500 242147
ERROR 2024-06-03 08:46:23,610 basehttp 49256 22016 "GET / HTTP/1.1" 500 242147
ERROR 2024-06-03 08:46:25,518 basehttp 49256 22016 "GET / HTTP/1.1" 500 242147
ERROR 2024-06-03 08:46:27,856 basehttp 49256 45508 "GET / HTTP/1.1" 500 242147
ERROR 2024-06-03 08:46:30,328 basehttp 49256 45508 "GET / HTTP/1.1" 500 242147
ERROR 2024-06-03 08:46:32,407 basehttp 49256 35040 "GET / HTTP/1.1" 500 242147
ERROR 2024-06-03 08:46:34,759 basehttp 49256 35040 "GET / HTTP/1.1" 500 242147
ERROR 2024-06-03 08:46:37,187 basehttp 49256 31980 "GET / HTTP/1.1" 500 242147
ERROR 2024-06-03 08:46:39,351 basehttp 49256 31980 "GET / HTTP/1.1" 500 242147
ERROR 2024-06-03 08:46:41,498 basehttp 49256 6012 "GET / HTTP/1.1" 500 242147
ERROR 2024-06-03 08:46:43,733 basehttp 49256 6012 "GET / HTTP/1.1" 500 242147
ERROR 2024-06-03 08:46:45,654 basehttp 49256 32748 "GET / HTTP/1.1" 500 242147
ERROR 2024-06-03 08:46:47,827 basehttp 49256 32748 "GET / HTTP/1.1" 500 242147
ERROR 2024-06-03 08:46:50,090 basehttp 49256 51736 "GET / HTTP/1.1" 500 242147
ERROR 2024-06-03 08:46:52,296 basehttp 49256 51736 "GET / HTTP/1.1" 500 242147
ERROR 2024-06-03 08:46:54,340 basehttp 49256 50516 "GET / HTTP/1.1" 500 242147
ERROR 2024-06-03 08:46:56,378 basehttp 49256 50516 "GET / HTTP/1.1" 500 242147
ERROR 2024-06-03 08:46:58,608 basehttp 49256 30476 "GET / HTTP/1.1" 500 242147
ERROR 2024-06-03 08:47:00,734 basehttp 49256 30476 "GET / HTTP/1.1" 500 242147
ERROR 2024-06-03 08:47:03,257 basehttp 49256 50200 "GET / HTTP/1.1" 500 242147
ERROR 2024-06-03 08:47:05,405 basehttp 49256 50200 "GET / HTTP/1.1" 500 242147
ERROR 2024-06-03 08:47:07,674 basehttp 49256 44168 "GET / HTTP/1.1" 500 242147
ERROR 2024-06-03 08:47:09,902 basehttp 49256 44168 "GET / HTTP/1.1" 500 242147
ERROR 2024-06-03 08:47:12,058 basehttp 49256 17728 "GET / HTTP/1.1" 500 242147
ERROR 2024-06-03 08:47:14,140 basehttp 49256 17728 "GET / HTTP/1.1" 500 242147
ERROR 2024-06-03 08:47:33,400 basehttp 29932 8280 "GET / HTTP/1.1" 500 242147
ERROR 2024-06-03 08:48:46,452 basehttp 30068 44488 "GET / HTTP/1.1" 500 242272
ERROR 2024-06-03 08:48:46,639 basehttp 30068 52600 "GET / HTTP/1.1" 500 242147
ERROR 2024-06-03 08:48:47,540 basehttp 30068 52600 "GET / HTTP/1.1" 500 242147
ERROR 2024-06-03 08:48:49,804 basehttp 30068 33112 "GET / HTTP/1.1" 500 242147
ERROR 2024-06-03 08:48:52,088 basehttp 30068 33112 "GET / HTTP/1.1" 500 242147
ERROR 2024-06-03 08:48:54,210 basehttp 30068 33112 "GET / HTTP/1.1" 500 242147
ERROR 2024-06-03 08:48:56,212 basehttp 30068 52624 "GET / HTTP/1.1" 500 242272
ERROR 2024-06-03 08:49:39,942 basehttp 40756 46264 "GET / HTTP/1.1" 500 242147
ERROR 2024-06-03 08:49:42,097 basehttp 40756 29536 "GET / HTTP/1.1" 500 242147
ERROR 2024-06-03 08:49:44,369 basehttp 40756 29704 "GET / HTTP/1.1" 500 242147
ERROR 2024-06-03 08:49:46,719 basehttp 40756 29704 "GET / HTTP/1.1" 500 242147
ERROR 2024-06-03 08:49:49,046 basehttp 40756 52112 "GET / HTTP/1.1" 500 242147
ERROR 2024-06-03 08:49:51,275 basehttp 40756 52112 "GET / HTTP/1.1" 500 242147
ERROR 2024-06-03 08:49:53,752 basehttp 40756 46528 "GET / HTTP/1.1" 500 242147
ERROR 2024-06-03 08:49:55,868 basehttp 40756 46528 "GET / HTTP/1.1" 500 242147
ERROR 2024-06-03 08:49:58,364 basehttp 40756 51392 "GET / HTTP/1.1" 500 242147
ERROR 2024-06-03 08:50:00,755 basehttp 40756 51392 "GET / HTTP/1.1" 500 242147
ERROR 2024-06-03 08:50:03,022 basehttp 40756 51392 "GET / HTTP/1.1" 500 242147
ERROR 2024-06-03 08:50:05,206 basehttp 40756 16960 "GET / HTTP/1.1" 500 242147
ERROR 2024-06-03 08:50:07,528 basehttp 40756 16960 "GET / HTTP/1.1" 500 242147
